<?xml version="1.0" encoding="UTF-8"?>
<robot generator="Robot 6.1.1 (Python 3.10.0 on win32)" generated="20231220 03:31:17.513" rpa="false" schemaversion="4">
<suite id="s1" name="Tests" source="C:\Users\Matheus\Desktop\Teste\Tests">
<suite id="s1-s1" name="Buscas" source="C:\Users\Matheus\Desktop\Teste\Tests\buscas.robot">
<test id="s1-s1-t1" name="TC01 - Buscar produtos samsung" line="5">
<kw name="Dado que estou na página inicial do site Magazine Luiza" library="buscas_steps">
<kw name="Open Browser" library="SeleniumLibrary">
<arg>https://www.magazineluiza.com.br</arg>
<arg>chrome</arg>
<doc>Opens a new browser instance to the optional ``url``.</doc>
<msg timestamp="20231220 03:31:17.837" level="INFO">Opening browser 'chrome' to base url 'https://www.magazineluiza.com.br'.</msg>
<status status="PASS" starttime="20231220 03:31:17.837" endtime="20231220 03:31:21.907"/>
</kw>
<kw name="Maximize Browser Window" library="SeleniumLibrary">
<doc>Maximizes current browser window.</doc>
<status status="PASS" starttime="20231220 03:31:21.907" endtime="20231220 03:31:22.023"/>
</kw>
<status status="PASS" starttime="20231220 03:31:17.836" endtime="20231220 03:31:22.023"/>
</kw>
<kw name="Quando digito &quot;samsung&quot; no campo de busca" library="buscas_steps">
<kw name="Wait Until Element Is Visible" library="SeleniumLibrary">
<arg>${BUSCA_INPUT}</arg>
<arg>10s</arg>
<doc>Waits until the element ``locator`` is visible.</doc>
<status status="PASS" starttime="20231220 03:31:22.025" endtime="20231220 03:31:22.089"/>
</kw>
<kw name="Input Text" library="SeleniumLibrary">
<arg>${BUSCA_INPUT}</arg>
<arg>samsung</arg>
<doc>Types the given ``text`` into the text field identified by ``locator``.</doc>
<msg timestamp="20231220 03:31:22.089" level="INFO">Typing text 'samsung' into text field '//input[@type="search"]'.</msg>
<status status="PASS" starttime="20231220 03:31:22.089" endtime="20231220 03:31:22.508"/>
</kw>
<kw name="Sleep" library="BuiltIn">
<arg>2s</arg>
<doc>Pauses the test executed for the given time.</doc>
<msg timestamp="20231220 03:31:24.516" level="INFO">Slept 2 seconds</msg>
<status status="PASS" starttime="20231220 03:31:22.508" endtime="20231220 03:31:24.516"/>
</kw>
<status status="PASS" starttime="20231220 03:31:22.024" endtime="20231220 03:31:24.516"/>
</kw>
<kw name="E clico no ícone de busca" library="buscas_steps">
<kw name="Click Element" library="SeleniumLibrary">
<arg>${BUSCA_ICONE}</arg>
<doc>Click the element identified by ``locator``.</doc>
<msg timestamp="20231220 03:31:24.517" level="INFO">Clicking element 'css=#search-container &gt; div &gt; svg'.</msg>
<status status="PASS" starttime="20231220 03:31:24.517" endtime="20231220 03:31:24.627"/>
</kw>
<kw name="Sleep" library="BuiltIn">
<arg>10s</arg>
<doc>Pauses the test executed for the given time.</doc>
<msg timestamp="20231220 03:31:34.627" level="INFO">Slept 10 seconds</msg>
<status status="PASS" starttime="20231220 03:31:24.627" endtime="20231220 03:31:34.627"/>
</kw>
<status status="PASS" starttime="20231220 03:31:24.516" endtime="20231220 03:31:34.627"/>
</kw>
<kw name="Então devo ser redirecionado para uma página com os resultados da busca" library="buscas_steps">
<kw name="Get Location" library="SeleniumLibrary">
<var>${current_url}</var>
<doc>Returns the current browser window URL.</doc>
<msg timestamp="20231220 03:31:34.640" level="INFO">${current_url} = https://www.magazineluiza.com.br/busca/samsung/</msg>
<status status="PASS" starttime="20231220 03:31:34.630" endtime="20231220 03:31:34.640"/>
</kw>
<kw name="Log" library="BuiltIn">
<arg>URL Atual: ${current_url}</arg>
<doc>Logs the given message with the given level.</doc>
<msg timestamp="20231220 03:31:34.641" level="INFO">URL Atual: https://www.magazineluiza.com.br/busca/samsung/</msg>
<status status="PASS" starttime="20231220 03:31:34.640" endtime="20231220 03:31:34.641"/>
</kw>
<kw name="Should Contain" library="BuiltIn">
<arg>${current_url}</arg>
<arg>https://www.magazineluiza.com.br/busca</arg>
<doc>Fails if ``container`` does not contain ``item`` one or more times.</doc>
<status status="PASS" starttime="20231220 03:31:34.641" endtime="20231220 03:31:34.641"/>
</kw>
<status status="PASS" starttime="20231220 03:31:34.629" endtime="20231220 03:31:34.641"/>
</kw>
<kw name="E todos os resultados da primeira página devem ser produtos da marca Samsung" library="buscas_steps">
<kw name="Get WebElements" library="SeleniumLibrary">
<var>${elementos_h2}</var>
<arg>//h2[@data-testid="product-title"]</arg>
<doc>Returns a list of WebElement objects matching the ``locator``.</doc>
<msg timestamp="20231220 03:31:34.657" level="INFO">${elementos_h2} = [&lt;selenium.webdriver.remote.webelement.WebElement (session="80466033230773f6ef19ac92cba6e793", element="0DBFE2BB30A77B361AE53CB7D939D251_element_415")&gt;, &lt;selenium.webdriver.remote.webelement.WebElemen...</msg>
<status status="PASS" starttime="20231220 03:31:34.641" endtime="20231220 03:31:34.657"/>
</kw>
<for flavor="IN">
<var>${elemento}</var>
<value>@{elementos_h2}</value>
<iter>
<var name="${elemento}">&lt;selenium.webdriver.remote.webelement.WebElement (session="80466033230773f6ef19ac92cba6e793", element="0DBFE2BB30A77B361AE53CB7D939D251_element_415")&gt;</var>
<kw name="Get Text" library="SeleniumLibrary">
<var>${texto_elemento}</var>
<arg>${elemento}</arg>
<doc>Returns the text value of the element identified by ``locator``.</doc>
<msg timestamp="20231220 03:31:34.674" level="INFO">${texto_elemento} = Samsung Galaxy Buds FE Fone de Ouvido</msg>
<status status="PASS" starttime="20231220 03:31:34.657" endtime="20231220 03:31:34.674"/>
</kw>
<kw name="Run Keyword And Return Status" library="BuiltIn">
<var>${contem_samsung}</var>
<arg>Should Contain</arg>
<arg>${texto_elemento}</arg>
<arg>Samsung</arg>
<doc>Runs the given keyword with given arguments and returns the status as a Boolean value.</doc>
<kw name="Should Contain" library="BuiltIn">
<arg>${texto_elemento}</arg>
<arg>Samsung</arg>
<doc>Fails if ``container`` does not contain ``item`` one or more times.</doc>
<status status="PASS" starttime="20231220 03:31:34.675" endtime="20231220 03:31:34.675"/>
</kw>
<msg timestamp="20231220 03:31:34.675" level="INFO">${contem_samsung} = True</msg>
<status status="PASS" starttime="20231220 03:31:34.674" endtime="20231220 03:31:34.675"/>
</kw>
<kw name="Run Keyword If" library="BuiltIn">
<arg>not ${contem_samsung}</arg>
<arg>Should Contain</arg>
<arg>${texto_elemento}</arg>
<arg>Galaxy</arg>
<doc>Runs the given keyword with the given arguments, if ``condition`` is true.</doc>
<status status="PASS" starttime="20231220 03:31:34.675" endtime="20231220 03:31:34.675"/>
</kw>
<kw name="Run Keyword If" library="BuiltIn">
<arg>${contem_samsung}</arg>
<arg>Log</arg>
<arg>Encontrou 'Samsung'</arg>
<doc>Runs the given keyword with the given arguments, if ``condition`` is true.</doc>
<kw name="Log" library="BuiltIn">
<arg>Encontrou 'Samsung'</arg>
<doc>Logs the given message with the given level.</doc>
<msg timestamp="20231220 03:31:34.676" level="INFO">Encontrou 'Samsung'</msg>
<status status="PASS" starttime="20231220 03:31:34.675" endtime="20231220 03:31:34.676"/>
</kw>
<status status="PASS" starttime="20231220 03:31:34.675" endtime="20231220 03:31:34.676"/>
</kw>
<kw name="Run Keyword If" library="BuiltIn">
<arg>not ${contem_samsung}</arg>
<arg>Log</arg>
<arg>Não encontrou 'Samsung', mas encontrou 'Galaxy'</arg>
<doc>Runs the given keyword with the given arguments, if ``condition`` is true.</doc>
<status status="PASS" starttime="20231220 03:31:34.676" endtime="20231220 03:31:34.676"/>
</kw>
<status status="PASS" starttime="20231220 03:31:34.657" endtime="20231220 03:31:34.676"/>
</iter>
<iter>
<var name="${elemento}">&lt;selenium.webdriver.remote.webelement.WebElement (session="80466033230773f6ef19ac92cba6e793", element="0DBFE2BB30A77B361AE53CB7D939D251_element_416")&gt;</var>
<kw name="Get Text" library="SeleniumLibrary">
<var>${texto_elemento}</var>
<arg>${elemento}</arg>
<doc>Returns the text value of the element identified by ``locator``.</doc>
<msg timestamp="20231220 03:31:34.687" level="INFO">${texto_elemento} = Smart TV 77” 4K OLED Samsung QN77S90CAGXZD</msg>
<status status="PASS" starttime="20231220 03:31:34.676" endtime="20231220 03:31:34.687"/>
</kw>
<kw name="Run Keyword And Return Status" library="BuiltIn">
<var>${contem_samsung}</var>
<arg>Should Contain</arg>
<arg>${texto_elemento}</arg>
<arg>Samsung</arg>
<doc>Runs the given keyword with given arguments and returns the status as a Boolean value.</doc>
<kw name="Should Contain" library="BuiltIn">
<arg>${texto_elemento}</arg>
<arg>Samsung</arg>
<doc>Fails if ``container`` does not contain ``item`` one or more times.</doc>
<status status="PASS" starttime="20231220 03:31:34.687" endtime="20231220 03:31:34.688"/>
</kw>
<msg timestamp="20231220 03:31:34.688" level="INFO">${contem_samsung} = True</msg>
<status status="PASS" starttime="20231220 03:31:34.687" endtime="20231220 03:31:34.688"/>
</kw>
<kw name="Run Keyword If" library="BuiltIn">
<arg>not ${contem_samsung}</arg>
<arg>Should Contain</arg>
<arg>${texto_elemento}</arg>
<arg>Galaxy</arg>
<doc>Runs the given keyword with the given arguments, if ``condition`` is true.</doc>
<status status="PASS" starttime="20231220 03:31:34.688" endtime="20231220 03:31:34.688"/>
</kw>
<kw name="Run Keyword If" library="BuiltIn">
<arg>${contem_samsung}</arg>
<arg>Log</arg>
<arg>Encontrou 'Samsung'</arg>
<doc>Runs the given keyword with the given arguments, if ``condition`` is true.</doc>
<kw name="Log" library="BuiltIn">
<arg>Encontrou 'Samsung'</arg>
<doc>Logs the given message with the given level.</doc>
<msg timestamp="20231220 03:31:34.688" level="INFO">Encontrou 'Samsung'</msg>
<status status="PASS" starttime="20231220 03:31:34.688" endtime="20231220 03:31:34.689"/>
</kw>
<status status="PASS" starttime="20231220 03:31:34.688" endtime="20231220 03:31:34.689"/>
</kw>
<kw name="Run Keyword If" library="BuiltIn">
<arg>not ${contem_samsung}</arg>
<arg>Log</arg>
<arg>Não encontrou 'Samsung', mas encontrou 'Galaxy'</arg>
<doc>Runs the given keyword with the given arguments, if ``condition`` is true.</doc>
<status status="PASS" starttime="20231220 03:31:34.689" endtime="20231220 03:31:34.689"/>
</kw>
<status status="PASS" starttime="20231220 03:31:34.676" endtime="20231220 03:31:34.689"/>
</iter>
<iter>
<var name="${elemento}">&lt;selenium.webdriver.remote.webelement.WebElement (session="80466033230773f6ef19ac92cba6e793", element="0DBFE2BB30A77B361AE53CB7D939D251_element_417")&gt;</var>
<kw name="Get Text" library="SeleniumLibrary">
<var>${texto_elemento}</var>
<arg>${elemento}</arg>
<doc>Returns the text value of the element identified by ``locator``.</doc>
<msg timestamp="20231220 03:31:34.697" level="INFO">${texto_elemento} = Smartwatch Samsung Galaxy Watch4 BT 40mm Preto 16GB</msg>
<status status="PASS" starttime="20231220 03:31:34.689" endtime="20231220 03:31:34.697"/>
</kw>
<kw name="Run Keyword And Return Status" library="BuiltIn">
<var>${contem_samsung}</var>
<arg>Should Contain</arg>
<arg>${texto_elemento}</arg>
<arg>Samsung</arg>
<doc>Runs the given keyword with given arguments and returns the status as a Boolean value.</doc>
<kw name="Should Contain" library="BuiltIn">
<arg>${texto_elemento}</arg>
<arg>Samsung</arg>
<doc>Fails if ``container`` does not contain ``item`` one or more times.</doc>
<status status="PASS" starttime="20231220 03:31:34.697" endtime="20231220 03:31:34.697"/>
</kw>
<msg timestamp="20231220 03:31:34.697" level="INFO">${contem_samsung} = True</msg>
<status status="PASS" starttime="20231220 03:31:34.697" endtime="20231220 03:31:34.697"/>
</kw>
<kw name="Run Keyword If" library="BuiltIn">
<arg>not ${contem_samsung}</arg>
<arg>Should Contain</arg>
<arg>${texto_elemento}</arg>
<arg>Galaxy</arg>
<doc>Runs the given keyword with the given arguments, if ``condition`` is true.</doc>
<status status="PASS" starttime="20231220 03:31:34.698" endtime="20231220 03:31:34.698"/>
</kw>
<kw name="Run Keyword If" library="BuiltIn">
<arg>${contem_samsung}</arg>
<arg>Log</arg>
<arg>Encontrou 'Samsung'</arg>
<doc>Runs the given keyword with the given arguments, if ``condition`` is true.</doc>
<kw name="Log" library="BuiltIn">
<arg>Encontrou 'Samsung'</arg>
<doc>Logs the given message with the given level.</doc>
<msg timestamp="20231220 03:31:34.698" level="INFO">Encontrou 'Samsung'</msg>
<status status="PASS" starttime="20231220 03:31:34.698" endtime="20231220 03:31:34.698"/>
</kw>
<status status="PASS" starttime="20231220 03:31:34.698" endtime="20231220 03:31:34.698"/>
</kw>
<kw name="Run Keyword If" library="BuiltIn">
<arg>not ${contem_samsung}</arg>
<arg>Log</arg>
<arg>Não encontrou 'Samsung', mas encontrou 'Galaxy'</arg>
<doc>Runs the given keyword with the given arguments, if ``condition`` is true.</doc>
<status status="PASS" starttime="20231220 03:31:34.698" endtime="20231220 03:31:34.699"/>
</kw>
<status status="PASS" starttime="20231220 03:31:34.689" endtime="20231220 03:31:34.699"/>
</iter>
<iter>
<var name="${elemento}">&lt;selenium.webdriver.remote.webelement.WebElement (session="80466033230773f6ef19ac92cba6e793", element="0DBFE2BB30A77B361AE53CB7D939D251_element_418")&gt;</var>
<kw name="Get Text" library="SeleniumLibrary">
<var>${texto_elemento}</var>
<arg>${elemento}</arg>
<doc>Returns the text value of the element identified by ``locator``.</doc>
<msg timestamp="20231220 03:31:34.706" level="INFO">${texto_elemento} = Smartphone Samsung Galaxy M54 5G, 256GB, 8GB RAM, Tela Infinita de 6.7" Dual Chip</msg>
<status status="PASS" starttime="20231220 03:31:34.699" endtime="20231220 03:31:34.706"/>
</kw>
<kw name="Run Keyword And Return Status" library="BuiltIn">
<var>${contem_samsung}</var>
<arg>Should Contain</arg>
<arg>${texto_elemento}</arg>
<arg>Samsung</arg>
<doc>Runs the given keyword with given arguments and returns the status as a Boolean value.</doc>
<kw name="Should Contain" library="BuiltIn">
<arg>${texto_elemento}</arg>
<arg>Samsung</arg>
<doc>Fails if ``container`` does not contain ``item`` one or more times.</doc>
<status status="PASS" starttime="20231220 03:31:34.707" endtime="20231220 03:31:34.707"/>
</kw>
<msg timestamp="20231220 03:31:34.707" level="INFO">${contem_samsung} = True</msg>
<status status="PASS" starttime="20231220 03:31:34.707" endtime="20231220 03:31:34.707"/>
</kw>
<kw name="Run Keyword If" library="BuiltIn">
<arg>not ${contem_samsung}</arg>
<arg>Should Contain</arg>
<arg>${texto_elemento}</arg>
<arg>Galaxy</arg>
<doc>Runs the given keyword with the given arguments, if ``condition`` is true.</doc>
<status status="PASS" starttime="20231220 03:31:34.707" endtime="20231220 03:31:34.707"/>
</kw>
<kw name="Run Keyword If" library="BuiltIn">
<arg>${contem_samsung}</arg>
<arg>Log</arg>
<arg>Encontrou 'Samsung'</arg>
<doc>Runs the given keyword with the given arguments, if ``condition`` is true.</doc>
<kw name="Log" library="BuiltIn">
<arg>Encontrou 'Samsung'</arg>
<doc>Logs the given message with the given level.</doc>
<msg timestamp="20231220 03:31:34.708" level="INFO">Encontrou 'Samsung'</msg>
<status status="PASS" starttime="20231220 03:31:34.708" endtime="20231220 03:31:34.708"/>
</kw>
<status status="PASS" starttime="20231220 03:31:34.707" endtime="20231220 03:31:34.708"/>
</kw>
<kw name="Run Keyword If" library="BuiltIn">
<arg>not ${contem_samsung}</arg>
<arg>Log</arg>
<arg>Não encontrou 'Samsung', mas encontrou 'Galaxy'</arg>
<doc>Runs the given keyword with the given arguments, if ``condition`` is true.</doc>
<status status="PASS" starttime="20231220 03:31:34.708" endtime="20231220 03:31:34.708"/>
</kw>
<status status="PASS" starttime="20231220 03:31:34.699" endtime="20231220 03:31:34.708"/>
</iter>
<iter>
<var name="${elemento}">&lt;selenium.webdriver.remote.webelement.WebElement (session="80466033230773f6ef19ac92cba6e793", element="0DBFE2BB30A77B361AE53CB7D939D251_element_419")&gt;</var>
<kw name="Get Text" library="SeleniumLibrary">
<var>${texto_elemento}</var>
<arg>${elemento}</arg>
<doc>Returns the text value of the element identified by ``locator``.</doc>
<msg timestamp="20231220 03:31:34.715" level="INFO">${texto_elemento} = Smartphone Samsung Galaxy A54 128GB Preto 5G Octa-Core 8GB RAM 6,4" Câm. Tripla + Selfie 32MP Dual Chip</msg>
<status status="PASS" starttime="20231220 03:31:34.708" endtime="20231220 03:31:34.715"/>
</kw>
<kw name="Run Keyword And Return Status" library="BuiltIn">
<var>${contem_samsung}</var>
<arg>Should Contain</arg>
<arg>${texto_elemento}</arg>
<arg>Samsung</arg>
<doc>Runs the given keyword with given arguments and returns the status as a Boolean value.</doc>
<kw name="Should Contain" library="BuiltIn">
<arg>${texto_elemento}</arg>
<arg>Samsung</arg>
<doc>Fails if ``container`` does not contain ``item`` one or more times.</doc>
<status status="PASS" starttime="20231220 03:31:34.716" endtime="20231220 03:31:34.716"/>
</kw>
<msg timestamp="20231220 03:31:34.716" level="INFO">${contem_samsung} = True</msg>
<status status="PASS" starttime="20231220 03:31:34.715" endtime="20231220 03:31:34.716"/>
</kw>
<kw name="Run Keyword If" library="BuiltIn">
<arg>not ${contem_samsung}</arg>
<arg>Should Contain</arg>
<arg>${texto_elemento}</arg>
<arg>Galaxy</arg>
<doc>Runs the given keyword with the given arguments, if ``condition`` is true.</doc>
<status status="PASS" starttime="20231220 03:31:34.716" endtime="20231220 03:31:34.716"/>
</kw>
<kw name="Run Keyword If" library="BuiltIn">
<arg>${contem_samsung}</arg>
<arg>Log</arg>
<arg>Encontrou 'Samsung'</arg>
<doc>Runs the given keyword with the given arguments, if ``condition`` is true.</doc>
<kw name="Log" library="BuiltIn">
<arg>Encontrou 'Samsung'</arg>
<doc>Logs the given message with the given level.</doc>
<msg timestamp="20231220 03:31:34.717" level="INFO">Encontrou 'Samsung'</msg>
<status status="PASS" starttime="20231220 03:31:34.716" endtime="20231220 03:31:34.717"/>
</kw>
<status status="PASS" starttime="20231220 03:31:34.716" endtime="20231220 03:31:34.717"/>
</kw>
<kw name="Run Keyword If" library="BuiltIn">
<arg>not ${contem_samsung}</arg>
<arg>Log</arg>
<arg>Não encontrou 'Samsung', mas encontrou 'Galaxy'</arg>
<doc>Runs the given keyword with the given arguments, if ``condition`` is true.</doc>
<status status="PASS" starttime="20231220 03:31:34.717" endtime="20231220 03:31:34.717"/>
</kw>
<status status="PASS" starttime="20231220 03:31:34.708" endtime="20231220 03:31:34.717"/>
</iter>
<iter>
<var name="${elemento}">&lt;selenium.webdriver.remote.webelement.WebElement (session="80466033230773f6ef19ac92cba6e793", element="0DBFE2BB30A77B361AE53CB7D939D251_element_420")&gt;</var>
<kw name="Get Text" library="SeleniumLibrary">
<var>${texto_elemento}</var>
<arg>${elemento}</arg>
<doc>Returns the text value of the element identified by ``locator``.</doc>
<msg timestamp="20231220 03:31:34.723" level="INFO">${texto_elemento} = Smartphone Samsung Galaxy A34 128GB Preto 5G Octa-Core 6GB RAM 6,6" Câm. Tripla + Selfie 13MP Dual Chip</msg>
<status status="PASS" starttime="20231220 03:31:34.717" endtime="20231220 03:31:34.723"/>
</kw>
<kw name="Run Keyword And Return Status" library="BuiltIn">
<var>${contem_samsung}</var>
<arg>Should Contain</arg>
<arg>${texto_elemento}</arg>
<arg>Samsung</arg>
<doc>Runs the given keyword with given arguments and returns the status as a Boolean value.</doc>
<kw name="Should Contain" library="BuiltIn">
<arg>${texto_elemento}</arg>
<arg>Samsung</arg>
<doc>Fails if ``container`` does not contain ``item`` one or more times.</doc>
<status status="PASS" starttime="20231220 03:31:34.724" endtime="20231220 03:31:34.724"/>
</kw>
<msg timestamp="20231220 03:31:34.724" level="INFO">${contem_samsung} = True</msg>
<status status="PASS" starttime="20231220 03:31:34.723" endtime="20231220 03:31:34.724"/>
</kw>
<kw name="Run Keyword If" library="BuiltIn">
<arg>not ${contem_samsung}</arg>
<arg>Should Contain</arg>
<arg>${texto_elemento}</arg>
<arg>Galaxy</arg>
<doc>Runs the given keyword with the given arguments, if ``condition`` is true.</doc>
<status status="PASS" starttime="20231220 03:31:34.724" endtime="20231220 03:31:34.724"/>
</kw>
<kw name="Run Keyword If" library="BuiltIn">
<arg>${contem_samsung}</arg>
<arg>Log</arg>
<arg>Encontrou 'Samsung'</arg>
<doc>Runs the given keyword with the given arguments, if ``condition`` is true.</doc>
<kw name="Log" library="BuiltIn">
<arg>Encontrou 'Samsung'</arg>
<doc>Logs the given message with the given level.</doc>
<msg timestamp="20231220 03:31:34.724" level="INFO">Encontrou 'Samsung'</msg>
<status status="PASS" starttime="20231220 03:31:34.724" endtime="20231220 03:31:34.724"/>
</kw>
<status status="PASS" starttime="20231220 03:31:34.724" endtime="20231220 03:31:34.725"/>
</kw>
<kw name="Run Keyword If" library="BuiltIn">
<arg>not ${contem_samsung}</arg>
<arg>Log</arg>
<arg>Não encontrou 'Samsung', mas encontrou 'Galaxy'</arg>
<doc>Runs the given keyword with the given arguments, if ``condition`` is true.</doc>
<status status="PASS" starttime="20231220 03:31:34.725" endtime="20231220 03:31:34.725"/>
</kw>
<status status="PASS" starttime="20231220 03:31:34.717" endtime="20231220 03:31:34.725"/>
</iter>
<iter>
<var name="${elemento}">&lt;selenium.webdriver.remote.webelement.WebElement (session="80466033230773f6ef19ac92cba6e793", element="0DBFE2BB30A77B361AE53CB7D939D251_element_421")&gt;</var>
<kw name="Get Text" library="SeleniumLibrary">
<var>${texto_elemento}</var>
<arg>${elemento}</arg>
<doc>Returns the text value of the element identified by ``locator``.</doc>
<msg timestamp="20231220 03:31:34.731" level="INFO">${texto_elemento} = Tablet Samsung Galaxy A7 Lite 8,7” 4G Wi-Fi 32GB MediaTek MT8768T Câm. 8MP</msg>
<status status="PASS" starttime="20231220 03:31:34.725" endtime="20231220 03:31:34.731"/>
</kw>
<kw name="Run Keyword And Return Status" library="BuiltIn">
<var>${contem_samsung}</var>
<arg>Should Contain</arg>
<arg>${texto_elemento}</arg>
<arg>Samsung</arg>
<doc>Runs the given keyword with given arguments and returns the status as a Boolean value.</doc>
<kw name="Should Contain" library="BuiltIn">
<arg>${texto_elemento}</arg>
<arg>Samsung</arg>
<doc>Fails if ``container`` does not contain ``item`` one or more times.</doc>
<status status="PASS" starttime="20231220 03:31:34.731" endtime="20231220 03:31:34.732"/>
</kw>
<msg timestamp="20231220 03:31:34.732" level="INFO">${contem_samsung} = True</msg>
<status status="PASS" starttime="20231220 03:31:34.731" endtime="20231220 03:31:34.732"/>
</kw>
<kw name="Run Keyword If" library="BuiltIn">
<arg>not ${contem_samsung}</arg>
<arg>Should Contain</arg>
<arg>${texto_elemento}</arg>
<arg>Galaxy</arg>
<doc>Runs the given keyword with the given arguments, if ``condition`` is true.</doc>
<status status="PASS" starttime="20231220 03:31:34.732" endtime="20231220 03:31:34.732"/>
</kw>
<kw name="Run Keyword If" library="BuiltIn">
<arg>${contem_samsung}</arg>
<arg>Log</arg>
<arg>Encontrou 'Samsung'</arg>
<doc>Runs the given keyword with the given arguments, if ``condition`` is true.</doc>
<kw name="Log" library="BuiltIn">
<arg>Encontrou 'Samsung'</arg>
<doc>Logs the given message with the given level.</doc>
<msg timestamp="20231220 03:31:34.732" level="INFO">Encontrou 'Samsung'</msg>
<status status="PASS" starttime="20231220 03:31:34.732" endtime="20231220 03:31:34.732"/>
</kw>
<status status="PASS" starttime="20231220 03:31:34.732" endtime="20231220 03:31:34.732"/>
</kw>
<kw name="Run Keyword If" library="BuiltIn">
<arg>not ${contem_samsung}</arg>
<arg>Log</arg>
<arg>Não encontrou 'Samsung', mas encontrou 'Galaxy'</arg>
<doc>Runs the given keyword with the given arguments, if ``condition`` is true.</doc>
<status status="PASS" starttime="20231220 03:31:34.732" endtime="20231220 03:31:34.733"/>
</kw>
<status status="PASS" starttime="20231220 03:31:34.725" endtime="20231220 03:31:34.733"/>
</iter>
<iter>
<var name="${elemento}">&lt;selenium.webdriver.remote.webelement.WebElement (session="80466033230773f6ef19ac92cba6e793", element="0DBFE2BB30A77B361AE53CB7D939D251_element_422")&gt;</var>
<kw name="Get Text" library="SeleniumLibrary">
<var>${texto_elemento}</var>
<arg>${elemento}</arg>
<doc>Returns the text value of the element identified by ``locator``.</doc>
<msg timestamp="20231220 03:31:34.738" level="INFO">${texto_elemento} = Smartphone Samsung Galaxy A04e 64GB Preto 4G Octa-Core 3GB RAM 6,5” Câm. Dupla + Selfie 5MP</msg>
<status status="PASS" starttime="20231220 03:31:34.733" endtime="20231220 03:31:34.738"/>
</kw>
<kw name="Run Keyword And Return Status" library="BuiltIn">
<var>${contem_samsung}</var>
<arg>Should Contain</arg>
<arg>${texto_elemento}</arg>
<arg>Samsung</arg>
<doc>Runs the given keyword with given arguments and returns the status as a Boolean value.</doc>
<kw name="Should Contain" library="BuiltIn">
<arg>${texto_elemento}</arg>
<arg>Samsung</arg>
<doc>Fails if ``container`` does not contain ``item`` one or more times.</doc>
<status status="PASS" starttime="20231220 03:31:34.738" endtime="20231220 03:31:34.738"/>
</kw>
<msg timestamp="20231220 03:31:34.739" level="INFO">${contem_samsung} = True</msg>
<status status="PASS" starttime="20231220 03:31:34.738" endtime="20231220 03:31:34.739"/>
</kw>
<kw name="Run Keyword If" library="BuiltIn">
<arg>not ${contem_samsung}</arg>
<arg>Should Contain</arg>
<arg>${texto_elemento}</arg>
<arg>Galaxy</arg>
<doc>Runs the given keyword with the given arguments, if ``condition`` is true.</doc>
<status status="PASS" starttime="20231220 03:31:34.739" endtime="20231220 03:31:34.739"/>
</kw>
<kw name="Run Keyword If" library="BuiltIn">
<arg>${contem_samsung}</arg>
<arg>Log</arg>
<arg>Encontrou 'Samsung'</arg>
<doc>Runs the given keyword with the given arguments, if ``condition`` is true.</doc>
<kw name="Log" library="BuiltIn">
<arg>Encontrou 'Samsung'</arg>
<doc>Logs the given message with the given level.</doc>
<msg timestamp="20231220 03:31:34.739" level="INFO">Encontrou 'Samsung'</msg>
<status status="PASS" starttime="20231220 03:31:34.739" endtime="20231220 03:31:34.739"/>
</kw>
<status status="PASS" starttime="20231220 03:31:34.739" endtime="20231220 03:31:34.739"/>
</kw>
<kw name="Run Keyword If" library="BuiltIn">
<arg>not ${contem_samsung}</arg>
<arg>Log</arg>
<arg>Não encontrou 'Samsung', mas encontrou 'Galaxy'</arg>
<doc>Runs the given keyword with the given arguments, if ``condition`` is true.</doc>
<status status="PASS" starttime="20231220 03:31:34.739" endtime="20231220 03:31:34.739"/>
</kw>
<status status="PASS" starttime="20231220 03:31:34.733" endtime="20231220 03:31:34.739"/>
</iter>
<iter>
<var name="${elemento}">&lt;selenium.webdriver.remote.webelement.WebElement (session="80466033230773f6ef19ac92cba6e793", element="0DBFE2BB30A77B361AE53CB7D939D251_element_423")&gt;</var>
<kw name="Get Text" library="SeleniumLibrary">
<var>${texto_elemento}</var>
<arg>${elemento}</arg>
<doc>Returns the text value of the element identified by ``locator``.</doc>
<msg timestamp="20231220 03:31:34.746" level="INFO">${texto_elemento} = Smartphone Samsung Galaxy A14 128GB Prata 5G Octa-Core 4GB RAM 6,6" Câm. Tripla + Selfie 13MP</msg>
<status status="PASS" starttime="20231220 03:31:34.740" endtime="20231220 03:31:34.746"/>
</kw>
<kw name="Run Keyword And Return Status" library="BuiltIn">
<var>${contem_samsung}</var>
<arg>Should Contain</arg>
<arg>${texto_elemento}</arg>
<arg>Samsung</arg>
<doc>Runs the given keyword with given arguments and returns the status as a Boolean value.</doc>
<kw name="Should Contain" library="BuiltIn">
<arg>${texto_elemento}</arg>
<arg>Samsung</arg>
<doc>Fails if ``container`` does not contain ``item`` one or more times.</doc>
<status status="PASS" starttime="20231220 03:31:34.746" endtime="20231220 03:31:34.746"/>
</kw>
<msg timestamp="20231220 03:31:34.746" level="INFO">${contem_samsung} = True</msg>
<status status="PASS" starttime="20231220 03:31:34.746" endtime="20231220 03:31:34.746"/>
</kw>
<kw name="Run Keyword If" library="BuiltIn">
<arg>not ${contem_samsung}</arg>
<arg>Should Contain</arg>
<arg>${texto_elemento}</arg>
<arg>Galaxy</arg>
<doc>Runs the given keyword with the given arguments, if ``condition`` is true.</doc>
<status status="PASS" starttime="20231220 03:31:34.746" endtime="20231220 03:31:34.747"/>
</kw>
<kw name="Run Keyword If" library="BuiltIn">
<arg>${contem_samsung}</arg>
<arg>Log</arg>
<arg>Encontrou 'Samsung'</arg>
<doc>Runs the given keyword with the given arguments, if ``condition`` is true.</doc>
<kw name="Log" library="BuiltIn">
<arg>Encontrou 'Samsung'</arg>
<doc>Logs the given message with the given level.</doc>
<msg timestamp="20231220 03:31:34.747" level="INFO">Encontrou 'Samsung'</msg>
<status status="PASS" starttime="20231220 03:31:34.747" endtime="20231220 03:31:34.747"/>
</kw>
<status status="PASS" starttime="20231220 03:31:34.747" endtime="20231220 03:31:34.747"/>
</kw>
<kw name="Run Keyword If" library="BuiltIn">
<arg>not ${contem_samsung}</arg>
<arg>Log</arg>
<arg>Não encontrou 'Samsung', mas encontrou 'Galaxy'</arg>
<doc>Runs the given keyword with the given arguments, if ``condition`` is true.</doc>
<status status="PASS" starttime="20231220 03:31:34.747" endtime="20231220 03:31:34.747"/>
</kw>
<status status="PASS" starttime="20231220 03:31:34.740" endtime="20231220 03:31:34.747"/>
</iter>
<iter>
<var name="${elemento}">&lt;selenium.webdriver.remote.webelement.WebElement (session="80466033230773f6ef19ac92cba6e793", element="0DBFE2BB30A77B361AE53CB7D939D251_element_424")&gt;</var>
<kw name="Get Text" library="SeleniumLibrary">
<var>${texto_elemento}</var>
<arg>${elemento}</arg>
<doc>Returns the text value of the element identified by ``locator``.</doc>
<msg timestamp="20231220 03:31:34.754" level="INFO">${texto_elemento} = Smartphone Samsung Galaxy A23 128GB Branco 5G Octa-Core 4GB RAM 6,6” Câm. Quádrupla + Selfie 8MP</msg>
<status status="PASS" starttime="20231220 03:31:34.747" endtime="20231220 03:31:34.754"/>
</kw>
<kw name="Run Keyword And Return Status" library="BuiltIn">
<var>${contem_samsung}</var>
<arg>Should Contain</arg>
<arg>${texto_elemento}</arg>
<arg>Samsung</arg>
<doc>Runs the given keyword with given arguments and returns the status as a Boolean value.</doc>
<kw name="Should Contain" library="BuiltIn">
<arg>${texto_elemento}</arg>
<arg>Samsung</arg>
<doc>Fails if ``container`` does not contain ``item`` one or more times.</doc>
<status status="PASS" starttime="20231220 03:31:34.754" endtime="20231220 03:31:34.754"/>
</kw>
<msg timestamp="20231220 03:31:34.754" level="INFO">${contem_samsung} = True</msg>
<status status="PASS" starttime="20231220 03:31:34.754" endtime="20231220 03:31:34.754"/>
</kw>
<kw name="Run Keyword If" library="BuiltIn">
<arg>not ${contem_samsung}</arg>
<arg>Should Contain</arg>
<arg>${texto_elemento}</arg>
<arg>Galaxy</arg>
<doc>Runs the given keyword with the given arguments, if ``condition`` is true.</doc>
<status status="PASS" starttime="20231220 03:31:34.754" endtime="20231220 03:31:34.755"/>
</kw>
<kw name="Run Keyword If" library="BuiltIn">
<arg>${contem_samsung}</arg>
<arg>Log</arg>
<arg>Encontrou 'Samsung'</arg>
<doc>Runs the given keyword with the given arguments, if ``condition`` is true.</doc>
<kw name="Log" library="BuiltIn">
<arg>Encontrou 'Samsung'</arg>
<doc>Logs the given message with the given level.</doc>
<msg timestamp="20231220 03:31:34.755" level="INFO">Encontrou 'Samsung'</msg>
<status status="PASS" starttime="20231220 03:31:34.755" endtime="20231220 03:31:34.755"/>
</kw>
<status status="PASS" starttime="20231220 03:31:34.755" endtime="20231220 03:31:34.755"/>
</kw>
<kw name="Run Keyword If" library="BuiltIn">
<arg>not ${contem_samsung}</arg>
<arg>Log</arg>
<arg>Não encontrou 'Samsung', mas encontrou 'Galaxy'</arg>
<doc>Runs the given keyword with the given arguments, if ``condition`` is true.</doc>
<status status="PASS" starttime="20231220 03:31:34.755" endtime="20231220 03:31:34.755"/>
</kw>
<status status="PASS" starttime="20231220 03:31:34.747" endtime="20231220 03:31:34.755"/>
</iter>
<iter>
<var name="${elemento}">&lt;selenium.webdriver.remote.webelement.WebElement (session="80466033230773f6ef19ac92cba6e793", element="0DBFE2BB30A77B361AE53CB7D939D251_element_425")&gt;</var>
<kw name="Get Text" library="SeleniumLibrary">
<var>${texto_elemento}</var>
<arg>${elemento}</arg>
<doc>Returns the text value of the element identified by ``locator``.</doc>
<msg timestamp="20231220 03:31:34.762" level="INFO">${texto_elemento} = Smartphone Samsung Galaxy A14 128GB Preto 5G Octa-Core 4GB RAM 6,6" Câm. Tripla + Selfie 13MP</msg>
<status status="PASS" starttime="20231220 03:31:34.756" endtime="20231220 03:31:34.762"/>
</kw>
<kw name="Run Keyword And Return Status" library="BuiltIn">
<var>${contem_samsung}</var>
<arg>Should Contain</arg>
<arg>${texto_elemento}</arg>
<arg>Samsung</arg>
<doc>Runs the given keyword with given arguments and returns the status as a Boolean value.</doc>
<kw name="Should Contain" library="BuiltIn">
<arg>${texto_elemento}</arg>
<arg>Samsung</arg>
<doc>Fails if ``container`` does not contain ``item`` one or more times.</doc>
<status status="PASS" starttime="20231220 03:31:34.762" endtime="20231220 03:31:34.762"/>
</kw>
<msg timestamp="20231220 03:31:34.762" level="INFO">${contem_samsung} = True</msg>
<status status="PASS" starttime="20231220 03:31:34.762" endtime="20231220 03:31:34.762"/>
</kw>
<kw name="Run Keyword If" library="BuiltIn">
<arg>not ${contem_samsung}</arg>
<arg>Should Contain</arg>
<arg>${texto_elemento}</arg>
<arg>Galaxy</arg>
<doc>Runs the given keyword with the given arguments, if ``condition`` is true.</doc>
<status status="PASS" starttime="20231220 03:31:34.762" endtime="20231220 03:31:34.763"/>
</kw>
<kw name="Run Keyword If" library="BuiltIn">
<arg>${contem_samsung}</arg>
<arg>Log</arg>
<arg>Encontrou 'Samsung'</arg>
<doc>Runs the given keyword with the given arguments, if ``condition`` is true.</doc>
<kw name="Log" library="BuiltIn">
<arg>Encontrou 'Samsung'</arg>
<doc>Logs the given message with the given level.</doc>
<msg timestamp="20231220 03:31:34.763" level="INFO">Encontrou 'Samsung'</msg>
<status status="PASS" starttime="20231220 03:31:34.763" endtime="20231220 03:31:34.763"/>
</kw>
<status status="PASS" starttime="20231220 03:31:34.763" endtime="20231220 03:31:34.763"/>
</kw>
<kw name="Run Keyword If" library="BuiltIn">
<arg>not ${contem_samsung}</arg>
<arg>Log</arg>
<arg>Não encontrou 'Samsung', mas encontrou 'Galaxy'</arg>
<doc>Runs the given keyword with the given arguments, if ``condition`` is true.</doc>
<status status="PASS" starttime="20231220 03:31:34.763" endtime="20231220 03:31:34.763"/>
</kw>
<status status="PASS" starttime="20231220 03:31:34.756" endtime="20231220 03:31:34.763"/>
</iter>
<iter>
<var name="${elemento}">&lt;selenium.webdriver.remote.webelement.WebElement (session="80466033230773f6ef19ac92cba6e793", element="0DBFE2BB30A77B361AE53CB7D939D251_element_426")&gt;</var>
<kw name="Get Text" library="SeleniumLibrary">
<var>${texto_elemento}</var>
<arg>${elemento}</arg>
<doc>Returns the text value of the element identified by ``locator``.</doc>
<msg timestamp="20231220 03:31:34.770" level="INFO">${texto_elemento} = Smartphone Samsung Galaxy A03 Core 32GB Preto Octa-Core 4G 2GB RAM 6,5” Câm. 8MP + Selfie 5MP</msg>
<status status="PASS" starttime="20231220 03:31:34.763" endtime="20231220 03:31:34.770"/>
</kw>
<kw name="Run Keyword And Return Status" library="BuiltIn">
<var>${contem_samsung}</var>
<arg>Should Contain</arg>
<arg>${texto_elemento}</arg>
<arg>Samsung</arg>
<doc>Runs the given keyword with given arguments and returns the status as a Boolean value.</doc>
<kw name="Should Contain" library="BuiltIn">
<arg>${texto_elemento}</arg>
<arg>Samsung</arg>
<doc>Fails if ``container`` does not contain ``item`` one or more times.</doc>
<status status="PASS" starttime="20231220 03:31:34.771" endtime="20231220 03:31:34.771"/>
</kw>
<msg timestamp="20231220 03:31:34.771" level="INFO">${contem_samsung} = True</msg>
<status status="PASS" starttime="20231220 03:31:34.770" endtime="20231220 03:31:34.771"/>
</kw>
<kw name="Run Keyword If" library="BuiltIn">
<arg>not ${contem_samsung}</arg>
<arg>Should Contain</arg>
<arg>${texto_elemento}</arg>
<arg>Galaxy</arg>
<doc>Runs the given keyword with the given arguments, if ``condition`` is true.</doc>
<status status="PASS" starttime="20231220 03:31:34.771" endtime="20231220 03:31:34.771"/>
</kw>
<kw name="Run Keyword If" library="BuiltIn">
<arg>${contem_samsung}</arg>
<arg>Log</arg>
<arg>Encontrou 'Samsung'</arg>
<doc>Runs the given keyword with the given arguments, if ``condition`` is true.</doc>
<kw name="Log" library="BuiltIn">
<arg>Encontrou 'Samsung'</arg>
<doc>Logs the given message with the given level.</doc>
<msg timestamp="20231220 03:31:34.771" level="INFO">Encontrou 'Samsung'</msg>
<status status="PASS" starttime="20231220 03:31:34.771" endtime="20231220 03:31:34.772"/>
</kw>
<status status="PASS" starttime="20231220 03:31:34.771" endtime="20231220 03:31:34.772"/>
</kw>
<kw name="Run Keyword If" library="BuiltIn">
<arg>not ${contem_samsung}</arg>
<arg>Log</arg>
<arg>Não encontrou 'Samsung', mas encontrou 'Galaxy'</arg>
<doc>Runs the given keyword with the given arguments, if ``condition`` is true.</doc>
<status status="PASS" starttime="20231220 03:31:34.772" endtime="20231220 03:31:34.772"/>
</kw>
<status status="PASS" starttime="20231220 03:31:34.763" endtime="20231220 03:31:34.772"/>
</iter>
<iter>
<var name="${elemento}">&lt;selenium.webdriver.remote.webelement.WebElement (session="80466033230773f6ef19ac92cba6e793", element="0DBFE2BB30A77B361AE53CB7D939D251_element_427")&gt;</var>
<kw name="Get Text" library="SeleniumLibrary">
<var>${texto_elemento}</var>
<arg>${elemento}</arg>
<doc>Returns the text value of the element identified by ``locator``.</doc>
<msg timestamp="20231220 03:31:34.778" level="INFO">${texto_elemento} = Smartphone Samsung Galaxy A14 128GB Prata 4G Octa-Core 4GB RAM 6,6" Câm. Tripla + Selfie 13MP Dual Chip</msg>
<status status="PASS" starttime="20231220 03:31:34.772" endtime="20231220 03:31:34.778"/>
</kw>
<kw name="Run Keyword And Return Status" library="BuiltIn">
<var>${contem_samsung}</var>
<arg>Should Contain</arg>
<arg>${texto_elemento}</arg>
<arg>Samsung</arg>
<doc>Runs the given keyword with given arguments and returns the status as a Boolean value.</doc>
<kw name="Should Contain" library="BuiltIn">
<arg>${texto_elemento}</arg>
<arg>Samsung</arg>
<doc>Fails if ``container`` does not contain ``item`` one or more times.</doc>
<status status="PASS" starttime="20231220 03:31:34.778" endtime="20231220 03:31:34.779"/>
</kw>
<msg timestamp="20231220 03:31:34.779" level="INFO">${contem_samsung} = True</msg>
<status status="PASS" starttime="20231220 03:31:34.778" endtime="20231220 03:31:34.779"/>
</kw>
<kw name="Run Keyword If" library="BuiltIn">
<arg>not ${contem_samsung}</arg>
<arg>Should Contain</arg>
<arg>${texto_elemento}</arg>
<arg>Galaxy</arg>
<doc>Runs the given keyword with the given arguments, if ``condition`` is true.</doc>
<status status="PASS" starttime="20231220 03:31:34.779" endtime="20231220 03:31:34.779"/>
</kw>
<kw name="Run Keyword If" library="BuiltIn">
<arg>${contem_samsung}</arg>
<arg>Log</arg>
<arg>Encontrou 'Samsung'</arg>
<doc>Runs the given keyword with the given arguments, if ``condition`` is true.</doc>
<kw name="Log" library="BuiltIn">
<arg>Encontrou 'Samsung'</arg>
<doc>Logs the given message with the given level.</doc>
<msg timestamp="20231220 03:31:34.779" level="INFO">Encontrou 'Samsung'</msg>
<status status="PASS" starttime="20231220 03:31:34.779" endtime="20231220 03:31:34.779"/>
</kw>
<status status="PASS" starttime="20231220 03:31:34.779" endtime="20231220 03:31:34.779"/>
</kw>
<kw name="Run Keyword If" library="BuiltIn">
<arg>not ${contem_samsung}</arg>
<arg>Log</arg>
<arg>Não encontrou 'Samsung', mas encontrou 'Galaxy'</arg>
<doc>Runs the given keyword with the given arguments, if ``condition`` is true.</doc>
<status status="PASS" starttime="20231220 03:31:34.779" endtime="20231220 03:31:34.780"/>
</kw>
<status status="PASS" starttime="20231220 03:31:34.772" endtime="20231220 03:31:34.780"/>
</iter>
<iter>
<var name="${elemento}">&lt;selenium.webdriver.remote.webelement.WebElement (session="80466033230773f6ef19ac92cba6e793", element="0DBFE2BB30A77B361AE53CB7D939D251_element_428")&gt;</var>
<kw name="Get Text" library="SeleniumLibrary">
<var>${texto_elemento}</var>
<arg>${elemento}</arg>
<doc>Returns the text value of the element identified by ``locator``.</doc>
<msg timestamp="20231220 03:31:34.786" level="INFO">${texto_elemento} = Smartphone Samsung Galaxy A04s 64GB Preto 4G</msg>
<status status="PASS" starttime="20231220 03:31:34.780" endtime="20231220 03:31:34.786"/>
</kw>
<kw name="Run Keyword And Return Status" library="BuiltIn">
<var>${contem_samsung}</var>
<arg>Should Contain</arg>
<arg>${texto_elemento}</arg>
<arg>Samsung</arg>
<doc>Runs the given keyword with given arguments and returns the status as a Boolean value.</doc>
<kw name="Should Contain" library="BuiltIn">
<arg>${texto_elemento}</arg>
<arg>Samsung</arg>
<doc>Fails if ``container`` does not contain ``item`` one or more times.</doc>
<status status="PASS" starttime="20231220 03:31:34.786" endtime="20231220 03:31:34.786"/>
</kw>
<msg timestamp="20231220 03:31:34.786" level="INFO">${contem_samsung} = True</msg>
<status status="PASS" starttime="20231220 03:31:34.786" endtime="20231220 03:31:34.786"/>
</kw>
<kw name="Run Keyword If" library="BuiltIn">
<arg>not ${contem_samsung}</arg>
<arg>Should Contain</arg>
<arg>${texto_elemento}</arg>
<arg>Galaxy</arg>
<doc>Runs the given keyword with the given arguments, if ``condition`` is true.</doc>
<status status="PASS" starttime="20231220 03:31:34.787" endtime="20231220 03:31:34.787"/>
</kw>
<kw name="Run Keyword If" library="BuiltIn">
<arg>${contem_samsung}</arg>
<arg>Log</arg>
<arg>Encontrou 'Samsung'</arg>
<doc>Runs the given keyword with the given arguments, if ``condition`` is true.</doc>
<kw name="Log" library="BuiltIn">
<arg>Encontrou 'Samsung'</arg>
<doc>Logs the given message with the given level.</doc>
<msg timestamp="20231220 03:31:34.787" level="INFO">Encontrou 'Samsung'</msg>
<status status="PASS" starttime="20231220 03:31:34.787" endtime="20231220 03:31:34.787"/>
</kw>
<status status="PASS" starttime="20231220 03:31:34.787" endtime="20231220 03:31:34.787"/>
</kw>
<kw name="Run Keyword If" library="BuiltIn">
<arg>not ${contem_samsung}</arg>
<arg>Log</arg>
<arg>Não encontrou 'Samsung', mas encontrou 'Galaxy'</arg>
<doc>Runs the given keyword with the given arguments, if ``condition`` is true.</doc>
<status status="PASS" starttime="20231220 03:31:34.787" endtime="20231220 03:31:34.787"/>
</kw>
<status status="PASS" starttime="20231220 03:31:34.780" endtime="20231220 03:31:34.787"/>
</iter>
<iter>
<var name="${elemento}">&lt;selenium.webdriver.remote.webelement.WebElement (session="80466033230773f6ef19ac92cba6e793", element="0DBFE2BB30A77B361AE53CB7D939D251_element_429")&gt;</var>
<kw name="Get Text" library="SeleniumLibrary">
<var>${texto_elemento}</var>
<arg>${elemento}</arg>
<doc>Returns the text value of the element identified by ``locator``.</doc>
<msg timestamp="20231220 03:31:34.794" level="INFO">${texto_elemento} = Smartphone Samsung Galaxy A54 128GB Branco 5G Octa-Core 8GB RAM 6,4" Câm. Tripla + Selfie 32MP Dual Chip</msg>
<status status="PASS" starttime="20231220 03:31:34.788" endtime="20231220 03:31:34.794"/>
</kw>
<kw name="Run Keyword And Return Status" library="BuiltIn">
<var>${contem_samsung}</var>
<arg>Should Contain</arg>
<arg>${texto_elemento}</arg>
<arg>Samsung</arg>
<doc>Runs the given keyword with given arguments and returns the status as a Boolean value.</doc>
<kw name="Should Contain" library="BuiltIn">
<arg>${texto_elemento}</arg>
<arg>Samsung</arg>
<doc>Fails if ``container`` does not contain ``item`` one or more times.</doc>
<status status="PASS" starttime="20231220 03:31:34.794" endtime="20231220 03:31:34.794"/>
</kw>
<msg timestamp="20231220 03:31:34.794" level="INFO">${contem_samsung} = True</msg>
<status status="PASS" starttime="20231220 03:31:34.794" endtime="20231220 03:31:34.794"/>
</kw>
<kw name="Run Keyword If" library="BuiltIn">
<arg>not ${contem_samsung}</arg>
<arg>Should Contain</arg>
<arg>${texto_elemento}</arg>
<arg>Galaxy</arg>
<doc>Runs the given keyword with the given arguments, if ``condition`` is true.</doc>
<status status="PASS" starttime="20231220 03:31:34.794" endtime="20231220 03:31:34.794"/>
</kw>
<kw name="Run Keyword If" library="BuiltIn">
<arg>${contem_samsung}</arg>
<arg>Log</arg>
<arg>Encontrou 'Samsung'</arg>
<doc>Runs the given keyword with the given arguments, if ``condition`` is true.</doc>
<kw name="Log" library="BuiltIn">
<arg>Encontrou 'Samsung'</arg>
<doc>Logs the given message with the given level.</doc>
<msg timestamp="20231220 03:31:34.795" level="INFO">Encontrou 'Samsung'</msg>
<status status="PASS" starttime="20231220 03:31:34.795" endtime="20231220 03:31:34.795"/>
</kw>
<status status="PASS" starttime="20231220 03:31:34.795" endtime="20231220 03:31:34.795"/>
</kw>
<kw name="Run Keyword If" library="BuiltIn">
<arg>not ${contem_samsung}</arg>
<arg>Log</arg>
<arg>Não encontrou 'Samsung', mas encontrou 'Galaxy'</arg>
<doc>Runs the given keyword with the given arguments, if ``condition`` is true.</doc>
<status status="PASS" starttime="20231220 03:31:34.795" endtime="20231220 03:31:34.795"/>
</kw>
<status status="PASS" starttime="20231220 03:31:34.787" endtime="20231220 03:31:34.795"/>
</iter>
<iter>
<var name="${elemento}">&lt;selenium.webdriver.remote.webelement.WebElement (session="80466033230773f6ef19ac92cba6e793", element="0DBFE2BB30A77B361AE53CB7D939D251_element_430")&gt;</var>
<kw name="Get Text" library="SeleniumLibrary">
<var>${texto_elemento}</var>
<arg>${elemento}</arg>
<doc>Returns the text value of the element identified by ``locator``.</doc>
<msg timestamp="20231220 03:31:34.801" level="INFO">${texto_elemento} = Smartphone Samsung Galaxy A04e 64GB Azul 4G Octa-Core 3GB RAM 6,5” Câm. Dupla + Selfie 5MP</msg>
<status status="PASS" starttime="20231220 03:31:34.795" endtime="20231220 03:31:34.801"/>
</kw>
<kw name="Run Keyword And Return Status" library="BuiltIn">
<var>${contem_samsung}</var>
<arg>Should Contain</arg>
<arg>${texto_elemento}</arg>
<arg>Samsung</arg>
<doc>Runs the given keyword with given arguments and returns the status as a Boolean value.</doc>
<kw name="Should Contain" library="BuiltIn">
<arg>${texto_elemento}</arg>
<arg>Samsung</arg>
<doc>Fails if ``container`` does not contain ``item`` one or more times.</doc>
<status status="PASS" starttime="20231220 03:31:34.802" endtime="20231220 03:31:34.802"/>
</kw>
<msg timestamp="20231220 03:31:34.802" level="INFO">${contem_samsung} = True</msg>
<status status="PASS" starttime="20231220 03:31:34.802" endtime="20231220 03:31:34.802"/>
</kw>
<kw name="Run Keyword If" library="BuiltIn">
<arg>not ${contem_samsung}</arg>
<arg>Should Contain</arg>
<arg>${texto_elemento}</arg>
<arg>Galaxy</arg>
<doc>Runs the given keyword with the given arguments, if ``condition`` is true.</doc>
<status status="PASS" starttime="20231220 03:31:34.802" endtime="20231220 03:31:34.802"/>
</kw>
<kw name="Run Keyword If" library="BuiltIn">
<arg>${contem_samsung}</arg>
<arg>Log</arg>
<arg>Encontrou 'Samsung'</arg>
<doc>Runs the given keyword with the given arguments, if ``condition`` is true.</doc>
<kw name="Log" library="BuiltIn">
<arg>Encontrou 'Samsung'</arg>
<doc>Logs the given message with the given level.</doc>
<msg timestamp="20231220 03:31:34.803" level="INFO">Encontrou 'Samsung'</msg>
<status status="PASS" starttime="20231220 03:31:34.802" endtime="20231220 03:31:34.803"/>
</kw>
<status status="PASS" starttime="20231220 03:31:34.802" endtime="20231220 03:31:34.803"/>
</kw>
<kw name="Run Keyword If" library="BuiltIn">
<arg>not ${contem_samsung}</arg>
<arg>Log</arg>
<arg>Não encontrou 'Samsung', mas encontrou 'Galaxy'</arg>
<doc>Runs the given keyword with the given arguments, if ``condition`` is true.</doc>
<status status="PASS" starttime="20231220 03:31:34.803" endtime="20231220 03:31:34.803"/>
</kw>
<status status="PASS" starttime="20231220 03:31:34.795" endtime="20231220 03:31:34.803"/>
</iter>
<iter>
<var name="${elemento}">&lt;selenium.webdriver.remote.webelement.WebElement (session="80466033230773f6ef19ac92cba6e793", element="0DBFE2BB30A77B361AE53CB7D939D251_element_431")&gt;</var>
<kw name="Get Text" library="SeleniumLibrary">
<var>${texto_elemento}</var>
<arg>${elemento}</arg>
<doc>Returns the text value of the element identified by ``locator``.</doc>
<msg timestamp="20231220 03:31:34.809" level="INFO">${texto_elemento} = Smartphone Samsung Galaxy A14 64GB Preto 5G Octa-Core 4GB RAM 6,6" Câm. Tripla + Selfie 13MP Dual Chip</msg>
<status status="PASS" starttime="20231220 03:31:34.803" endtime="20231220 03:31:34.809"/>
</kw>
<kw name="Run Keyword And Return Status" library="BuiltIn">
<var>${contem_samsung}</var>
<arg>Should Contain</arg>
<arg>${texto_elemento}</arg>
<arg>Samsung</arg>
<doc>Runs the given keyword with given arguments and returns the status as a Boolean value.</doc>
<kw name="Should Contain" library="BuiltIn">
<arg>${texto_elemento}</arg>
<arg>Samsung</arg>
<doc>Fails if ``container`` does not contain ``item`` one or more times.</doc>
<status status="PASS" starttime="20231220 03:31:34.809" endtime="20231220 03:31:34.810"/>
</kw>
<msg timestamp="20231220 03:31:34.810" level="INFO">${contem_samsung} = True</msg>
<status status="PASS" starttime="20231220 03:31:34.809" endtime="20231220 03:31:34.810"/>
</kw>
<kw name="Run Keyword If" library="BuiltIn">
<arg>not ${contem_samsung}</arg>
<arg>Should Contain</arg>
<arg>${texto_elemento}</arg>
<arg>Galaxy</arg>
<doc>Runs the given keyword with the given arguments, if ``condition`` is true.</doc>
<status status="PASS" starttime="20231220 03:31:34.810" endtime="20231220 03:31:34.810"/>
</kw>
<kw name="Run Keyword If" library="BuiltIn">
<arg>${contem_samsung}</arg>
<arg>Log</arg>
<arg>Encontrou 'Samsung'</arg>
<doc>Runs the given keyword with the given arguments, if ``condition`` is true.</doc>
<kw name="Log" library="BuiltIn">
<arg>Encontrou 'Samsung'</arg>
<doc>Logs the given message with the given level.</doc>
<msg timestamp="20231220 03:31:34.810" level="INFO">Encontrou 'Samsung'</msg>
<status status="PASS" starttime="20231220 03:31:34.810" endtime="20231220 03:31:34.810"/>
</kw>
<status status="PASS" starttime="20231220 03:31:34.810" endtime="20231220 03:31:34.810"/>
</kw>
<kw name="Run Keyword If" library="BuiltIn">
<arg>not ${contem_samsung}</arg>
<arg>Log</arg>
<arg>Não encontrou 'Samsung', mas encontrou 'Galaxy'</arg>
<doc>Runs the given keyword with the given arguments, if ``condition`` is true.</doc>
<status status="PASS" starttime="20231220 03:31:34.810" endtime="20231220 03:31:34.811"/>
</kw>
<status status="PASS" starttime="20231220 03:31:34.803" endtime="20231220 03:31:34.811"/>
</iter>
<iter>
<var name="${elemento}">&lt;selenium.webdriver.remote.webelement.WebElement (session="80466033230773f6ef19ac92cba6e793", element="0DBFE2BB30A77B361AE53CB7D939D251_element_432")&gt;</var>
<kw name="Get Text" library="SeleniumLibrary">
<var>${texto_elemento}</var>
<arg>${elemento}</arg>
<doc>Returns the text value of the element identified by ``locator``.</doc>
<msg timestamp="20231220 03:31:34.816" level="INFO">${texto_elemento} = Smartphone Samsung Galaxy A34 256GB Verde Lima 5G Octa-Core 8GB RAM 6,6" Câm Tripla + Selfie 8MP Dual Chip</msg>
<status status="PASS" starttime="20231220 03:31:34.811" endtime="20231220 03:31:34.816"/>
</kw>
<kw name="Run Keyword And Return Status" library="BuiltIn">
<var>${contem_samsung}</var>
<arg>Should Contain</arg>
<arg>${texto_elemento}</arg>
<arg>Samsung</arg>
<doc>Runs the given keyword with given arguments and returns the status as a Boolean value.</doc>
<kw name="Should Contain" library="BuiltIn">
<arg>${texto_elemento}</arg>
<arg>Samsung</arg>
<doc>Fails if ``container`` does not contain ``item`` one or more times.</doc>
<status status="PASS" starttime="20231220 03:31:34.816" endtime="20231220 03:31:34.816"/>
</kw>
<msg timestamp="20231220 03:31:34.816" level="INFO">${contem_samsung} = True</msg>
<status status="PASS" starttime="20231220 03:31:34.816" endtime="20231220 03:31:34.816"/>
</kw>
<kw name="Run Keyword If" library="BuiltIn">
<arg>not ${contem_samsung}</arg>
<arg>Should Contain</arg>
<arg>${texto_elemento}</arg>
<arg>Galaxy</arg>
<doc>Runs the given keyword with the given arguments, if ``condition`` is true.</doc>
<status status="PASS" starttime="20231220 03:31:34.816" endtime="20231220 03:31:34.816"/>
</kw>
<kw name="Run Keyword If" library="BuiltIn">
<arg>${contem_samsung}</arg>
<arg>Log</arg>
<arg>Encontrou 'Samsung'</arg>
<doc>Runs the given keyword with the given arguments, if ``condition`` is true.</doc>
<kw name="Log" library="BuiltIn">
<arg>Encontrou 'Samsung'</arg>
<doc>Logs the given message with the given level.</doc>
<msg timestamp="20231220 03:31:34.816" level="INFO">Encontrou 'Samsung'</msg>
<status status="PASS" starttime="20231220 03:31:34.816" endtime="20231220 03:31:34.816"/>
</kw>
<status status="PASS" starttime="20231220 03:31:34.816" endtime="20231220 03:31:34.816"/>
</kw>
<kw name="Run Keyword If" library="BuiltIn">
<arg>not ${contem_samsung}</arg>
<arg>Log</arg>
<arg>Não encontrou 'Samsung', mas encontrou 'Galaxy'</arg>
<doc>Runs the given keyword with the given arguments, if ``condition`` is true.</doc>
<status status="PASS" starttime="20231220 03:31:34.816" endtime="20231220 03:31:34.816"/>
</kw>
<status status="PASS" starttime="20231220 03:31:34.811" endtime="20231220 03:31:34.816"/>
</iter>
<iter>
<var name="${elemento}">&lt;selenium.webdriver.remote.webelement.WebElement (session="80466033230773f6ef19ac92cba6e793", element="0DBFE2BB30A77B361AE53CB7D939D251_element_433")&gt;</var>
<kw name="Get Text" library="SeleniumLibrary">
<var>${texto_elemento}</var>
<arg>${elemento}</arg>
<doc>Returns the text value of the element identified by ``locator``.</doc>
<msg timestamp="20231220 03:31:34.816" level="INFO">${texto_elemento} = Smartphone Samsung Galaxy A04e 64GB Cobre 4G Octa-Core 3GB RAM 6,5” Câm. Dupla + Selfie 5MP</msg>
<status status="PASS" starttime="20231220 03:31:34.816" endtime="20231220 03:31:34.816"/>
</kw>
<kw name="Run Keyword And Return Status" library="BuiltIn">
<var>${contem_samsung}</var>
<arg>Should Contain</arg>
<arg>${texto_elemento}</arg>
<arg>Samsung</arg>
<doc>Runs the given keyword with given arguments and returns the status as a Boolean value.</doc>
<kw name="Should Contain" library="BuiltIn">
<arg>${texto_elemento}</arg>
<arg>Samsung</arg>
<doc>Fails if ``container`` does not contain ``item`` one or more times.</doc>
<status status="PASS" starttime="20231220 03:31:34.816" endtime="20231220 03:31:34.825"/>
</kw>
<msg timestamp="20231220 03:31:34.825" level="INFO">${contem_samsung} = True</msg>
<status status="PASS" starttime="20231220 03:31:34.816" endtime="20231220 03:31:34.825"/>
</kw>
<kw name="Run Keyword If" library="BuiltIn">
<arg>not ${contem_samsung}</arg>
<arg>Should Contain</arg>
<arg>${texto_elemento}</arg>
<arg>Galaxy</arg>
<doc>Runs the given keyword with the given arguments, if ``condition`` is true.</doc>
<status status="PASS" starttime="20231220 03:31:34.825" endtime="20231220 03:31:34.826"/>
</kw>
<kw name="Run Keyword If" library="BuiltIn">
<arg>${contem_samsung}</arg>
<arg>Log</arg>
<arg>Encontrou 'Samsung'</arg>
<doc>Runs the given keyword with the given arguments, if ``condition`` is true.</doc>
<kw name="Log" library="BuiltIn">
<arg>Encontrou 'Samsung'</arg>
<doc>Logs the given message with the given level.</doc>
<msg timestamp="20231220 03:31:34.826" level="INFO">Encontrou 'Samsung'</msg>
<status status="PASS" starttime="20231220 03:31:34.826" endtime="20231220 03:31:34.826"/>
</kw>
<status status="PASS" starttime="20231220 03:31:34.826" endtime="20231220 03:31:34.826"/>
</kw>
<kw name="Run Keyword If" library="BuiltIn">
<arg>not ${contem_samsung}</arg>
<arg>Log</arg>
<arg>Não encontrou 'Samsung', mas encontrou 'Galaxy'</arg>
<doc>Runs the given keyword with the given arguments, if ``condition`` is true.</doc>
<status status="PASS" starttime="20231220 03:31:34.826" endtime="20231220 03:31:34.826"/>
</kw>
<status status="PASS" starttime="20231220 03:31:34.816" endtime="20231220 03:31:34.826"/>
</iter>
<iter>
<var name="${elemento}">&lt;selenium.webdriver.remote.webelement.WebElement (session="80466033230773f6ef19ac92cba6e793", element="0DBFE2BB30A77B361AE53CB7D939D251_element_434")&gt;</var>
<kw name="Get Text" library="SeleniumLibrary">
<var>${texto_elemento}</var>
<arg>${elemento}</arg>
<doc>Returns the text value of the element identified by ``locator``.</doc>
<msg timestamp="20231220 03:31:34.827" level="INFO">${texto_elemento} = Smartphone Samsung Galaxy M54 5G, 256GB, 8GB RAM, Tela Infinita de 6.7" Dual Chip</msg>
<status status="PASS" starttime="20231220 03:31:34.827" endtime="20231220 03:31:34.827"/>
</kw>
<kw name="Run Keyword And Return Status" library="BuiltIn">
<var>${contem_samsung}</var>
<arg>Should Contain</arg>
<arg>${texto_elemento}</arg>
<arg>Samsung</arg>
<doc>Runs the given keyword with given arguments and returns the status as a Boolean value.</doc>
<kw name="Should Contain" library="BuiltIn">
<arg>${texto_elemento}</arg>
<arg>Samsung</arg>
<doc>Fails if ``container`` does not contain ``item`` one or more times.</doc>
<status status="PASS" starttime="20231220 03:31:34.827" endtime="20231220 03:31:34.827"/>
</kw>
<msg timestamp="20231220 03:31:34.827" level="INFO">${contem_samsung} = True</msg>
<status status="PASS" starttime="20231220 03:31:34.827" endtime="20231220 03:31:34.827"/>
</kw>
<kw name="Run Keyword If" library="BuiltIn">
<arg>not ${contem_samsung}</arg>
<arg>Should Contain</arg>
<arg>${texto_elemento}</arg>
<arg>Galaxy</arg>
<doc>Runs the given keyword with the given arguments, if ``condition`` is true.</doc>
<status status="PASS" starttime="20231220 03:31:34.827" endtime="20231220 03:31:34.834"/>
</kw>
<kw name="Run Keyword If" library="BuiltIn">
<arg>${contem_samsung}</arg>
<arg>Log</arg>
<arg>Encontrou 'Samsung'</arg>
<doc>Runs the given keyword with the given arguments, if ``condition`` is true.</doc>
<kw name="Log" library="BuiltIn">
<arg>Encontrou 'Samsung'</arg>
<doc>Logs the given message with the given level.</doc>
<msg timestamp="20231220 03:31:34.834" level="INFO">Encontrou 'Samsung'</msg>
<status status="PASS" starttime="20231220 03:31:34.834" endtime="20231220 03:31:34.834"/>
</kw>
<status status="PASS" starttime="20231220 03:31:34.834" endtime="20231220 03:31:34.834"/>
</kw>
<kw name="Run Keyword If" library="BuiltIn">
<arg>not ${contem_samsung}</arg>
<arg>Log</arg>
<arg>Não encontrou 'Samsung', mas encontrou 'Galaxy'</arg>
<doc>Runs the given keyword with the given arguments, if ``condition`` is true.</doc>
<status status="PASS" starttime="20231220 03:31:34.834" endtime="20231220 03:31:34.834"/>
</kw>
<status status="PASS" starttime="20231220 03:31:34.827" endtime="20231220 03:31:34.834"/>
</iter>
<iter>
<var name="${elemento}">&lt;selenium.webdriver.remote.webelement.WebElement (session="80466033230773f6ef19ac92cba6e793", element="0DBFE2BB30A77B361AE53CB7D939D251_element_435")&gt;</var>
<kw name="Get Text" library="SeleniumLibrary">
<var>${texto_elemento}</var>
<arg>${elemento}</arg>
<doc>Returns the text value of the element identified by ``locator``.</doc>
<msg timestamp="20231220 03:31:34.841" level="INFO">${texto_elemento} = Smartphone Samsung Galaxy M14 5G, 128GB, 4GB RAM, Tela Infinita de 6.6 Dual Chip</msg>
<status status="PASS" starttime="20231220 03:31:34.834" endtime="20231220 03:31:34.841"/>
</kw>
<kw name="Run Keyword And Return Status" library="BuiltIn">
<var>${contem_samsung}</var>
<arg>Should Contain</arg>
<arg>${texto_elemento}</arg>
<arg>Samsung</arg>
<doc>Runs the given keyword with given arguments and returns the status as a Boolean value.</doc>
<kw name="Should Contain" library="BuiltIn">
<arg>${texto_elemento}</arg>
<arg>Samsung</arg>
<doc>Fails if ``container`` does not contain ``item`` one or more times.</doc>
<status status="PASS" starttime="20231220 03:31:34.841" endtime="20231220 03:31:34.841"/>
</kw>
<msg timestamp="20231220 03:31:34.841" level="INFO">${contem_samsung} = True</msg>
<status status="PASS" starttime="20231220 03:31:34.841" endtime="20231220 03:31:34.841"/>
</kw>
<kw name="Run Keyword If" library="BuiltIn">
<arg>not ${contem_samsung}</arg>
<arg>Should Contain</arg>
<arg>${texto_elemento}</arg>
<arg>Galaxy</arg>
<doc>Runs the given keyword with the given arguments, if ``condition`` is true.</doc>
<status status="PASS" starttime="20231220 03:31:34.841" endtime="20231220 03:31:34.842"/>
</kw>
<kw name="Run Keyword If" library="BuiltIn">
<arg>${contem_samsung}</arg>
<arg>Log</arg>
<arg>Encontrou 'Samsung'</arg>
<doc>Runs the given keyword with the given arguments, if ``condition`` is true.</doc>
<kw name="Log" library="BuiltIn">
<arg>Encontrou 'Samsung'</arg>
<doc>Logs the given message with the given level.</doc>
<msg timestamp="20231220 03:31:34.842" level="INFO">Encontrou 'Samsung'</msg>
<status status="PASS" starttime="20231220 03:31:34.842" endtime="20231220 03:31:34.842"/>
</kw>
<status status="PASS" starttime="20231220 03:31:34.842" endtime="20231220 03:31:34.842"/>
</kw>
<kw name="Run Keyword If" library="BuiltIn">
<arg>not ${contem_samsung}</arg>
<arg>Log</arg>
<arg>Não encontrou 'Samsung', mas encontrou 'Galaxy'</arg>
<doc>Runs the given keyword with the given arguments, if ``condition`` is true.</doc>
<status status="PASS" starttime="20231220 03:31:34.842" endtime="20231220 03:31:34.842"/>
</kw>
<status status="PASS" starttime="20231220 03:31:34.834" endtime="20231220 03:31:34.842"/>
</iter>
<iter>
<var name="${elemento}">&lt;selenium.webdriver.remote.webelement.WebElement (session="80466033230773f6ef19ac92cba6e793", element="0DBFE2BB30A77B361AE53CB7D939D251_element_436")&gt;</var>
<kw name="Get Text" library="SeleniumLibrary">
<var>${texto_elemento}</var>
<arg>${elemento}</arg>
<doc>Returns the text value of the element identified by ``locator``.</doc>
<msg timestamp="20231220 03:31:34.849" level="INFO">${texto_elemento} = Smartphone Samsung Galaxy A14 128GB Preto 4G Octa-Core 4GB RAM 6,6" Câm. Tripla + Selfie 13MP Dual Chip</msg>
<status status="PASS" starttime="20231220 03:31:34.842" endtime="20231220 03:31:34.849"/>
</kw>
<kw name="Run Keyword And Return Status" library="BuiltIn">
<var>${contem_samsung}</var>
<arg>Should Contain</arg>
<arg>${texto_elemento}</arg>
<arg>Samsung</arg>
<doc>Runs the given keyword with given arguments and returns the status as a Boolean value.</doc>
<kw name="Should Contain" library="BuiltIn">
<arg>${texto_elemento}</arg>
<arg>Samsung</arg>
<doc>Fails if ``container`` does not contain ``item`` one or more times.</doc>
<status status="PASS" starttime="20231220 03:31:34.849" endtime="20231220 03:31:34.849"/>
</kw>
<msg timestamp="20231220 03:31:34.849" level="INFO">${contem_samsung} = True</msg>
<status status="PASS" starttime="20231220 03:31:34.849" endtime="20231220 03:31:34.849"/>
</kw>
<kw name="Run Keyword If" library="BuiltIn">
<arg>not ${contem_samsung}</arg>
<arg>Should Contain</arg>
<arg>${texto_elemento}</arg>
<arg>Galaxy</arg>
<doc>Runs the given keyword with the given arguments, if ``condition`` is true.</doc>
<status status="PASS" starttime="20231220 03:31:34.849" endtime="20231220 03:31:34.849"/>
</kw>
<kw name="Run Keyword If" library="BuiltIn">
<arg>${contem_samsung}</arg>
<arg>Log</arg>
<arg>Encontrou 'Samsung'</arg>
<doc>Runs the given keyword with the given arguments, if ``condition`` is true.</doc>
<kw name="Log" library="BuiltIn">
<arg>Encontrou 'Samsung'</arg>
<doc>Logs the given message with the given level.</doc>
<msg timestamp="20231220 03:31:34.850" level="INFO">Encontrou 'Samsung'</msg>
<status status="PASS" starttime="20231220 03:31:34.850" endtime="20231220 03:31:34.850"/>
</kw>
<status status="PASS" starttime="20231220 03:31:34.850" endtime="20231220 03:31:34.850"/>
</kw>
<kw name="Run Keyword If" library="BuiltIn">
<arg>not ${contem_samsung}</arg>
<arg>Log</arg>
<arg>Não encontrou 'Samsung', mas encontrou 'Galaxy'</arg>
<doc>Runs the given keyword with the given arguments, if ``condition`` is true.</doc>
<status status="PASS" starttime="20231220 03:31:34.850" endtime="20231220 03:31:34.850"/>
</kw>
<status status="PASS" starttime="20231220 03:31:34.842" endtime="20231220 03:31:34.850"/>
</iter>
<iter>
<var name="${elemento}">&lt;selenium.webdriver.remote.webelement.WebElement (session="80466033230773f6ef19ac92cba6e793", element="0DBFE2BB30A77B361AE53CB7D939D251_element_437")&gt;</var>
<kw name="Get Text" library="SeleniumLibrary">
<var>${texto_elemento}</var>
<arg>${elemento}</arg>
<doc>Returns the text value of the element identified by ``locator``.</doc>
<msg timestamp="20231220 03:31:34.856" level="INFO">${texto_elemento} = Smartphone Samsung Galaxy A14 64 GB Preto 4G Octa-Core 4GB RAM 6,6" Câm. Tripla + Selfie 13MP Dual Chip</msg>
<status status="PASS" starttime="20231220 03:31:34.850" endtime="20231220 03:31:34.856"/>
</kw>
<kw name="Run Keyword And Return Status" library="BuiltIn">
<var>${contem_samsung}</var>
<arg>Should Contain</arg>
<arg>${texto_elemento}</arg>
<arg>Samsung</arg>
<doc>Runs the given keyword with given arguments and returns the status as a Boolean value.</doc>
<kw name="Should Contain" library="BuiltIn">
<arg>${texto_elemento}</arg>
<arg>Samsung</arg>
<doc>Fails if ``container`` does not contain ``item`` one or more times.</doc>
<status status="PASS" starttime="20231220 03:31:34.856" endtime="20231220 03:31:34.856"/>
</kw>
<msg timestamp="20231220 03:31:34.856" level="INFO">${contem_samsung} = True</msg>
<status status="PASS" starttime="20231220 03:31:34.856" endtime="20231220 03:31:34.856"/>
</kw>
<kw name="Run Keyword If" library="BuiltIn">
<arg>not ${contem_samsung}</arg>
<arg>Should Contain</arg>
<arg>${texto_elemento}</arg>
<arg>Galaxy</arg>
<doc>Runs the given keyword with the given arguments, if ``condition`` is true.</doc>
<status status="PASS" starttime="20231220 03:31:34.856" endtime="20231220 03:31:34.856"/>
</kw>
<kw name="Run Keyword If" library="BuiltIn">
<arg>${contem_samsung}</arg>
<arg>Log</arg>
<arg>Encontrou 'Samsung'</arg>
<doc>Runs the given keyword with the given arguments, if ``condition`` is true.</doc>
<kw name="Log" library="BuiltIn">
<arg>Encontrou 'Samsung'</arg>
<doc>Logs the given message with the given level.</doc>
<msg timestamp="20231220 03:31:34.857" level="INFO">Encontrou 'Samsung'</msg>
<status status="PASS" starttime="20231220 03:31:34.857" endtime="20231220 03:31:34.857"/>
</kw>
<status status="PASS" starttime="20231220 03:31:34.857" endtime="20231220 03:31:34.857"/>
</kw>
<kw name="Run Keyword If" library="BuiltIn">
<arg>not ${contem_samsung}</arg>
<arg>Log</arg>
<arg>Não encontrou 'Samsung', mas encontrou 'Galaxy'</arg>
<doc>Runs the given keyword with the given arguments, if ``condition`` is true.</doc>
<status status="PASS" starttime="20231220 03:31:34.857" endtime="20231220 03:31:34.857"/>
</kw>
<status status="PASS" starttime="20231220 03:31:34.850" endtime="20231220 03:31:34.857"/>
</iter>
<iter>
<var name="${elemento}">&lt;selenium.webdriver.remote.webelement.WebElement (session="80466033230773f6ef19ac92cba6e793", element="0DBFE2BB30A77B361AE53CB7D939D251_element_438")&gt;</var>
<kw name="Get Text" library="SeleniumLibrary">
<var>${texto_elemento}</var>
<arg>${elemento}</arg>
<doc>Returns the text value of the element identified by ``locator``.</doc>
<msg timestamp="20231220 03:31:34.864" level="INFO">${texto_elemento} = Smartphone Samsung Galaxy A03 Core 32GB Cobre Octa-Core 4G 2GB RAM 6,5” Câm. 8MP + Selfie 5MP</msg>
<status status="PASS" starttime="20231220 03:31:34.857" endtime="20231220 03:31:34.864"/>
</kw>
<kw name="Run Keyword And Return Status" library="BuiltIn">
<var>${contem_samsung}</var>
<arg>Should Contain</arg>
<arg>${texto_elemento}</arg>
<arg>Samsung</arg>
<doc>Runs the given keyword with given arguments and returns the status as a Boolean value.</doc>
<kw name="Should Contain" library="BuiltIn">
<arg>${texto_elemento}</arg>
<arg>Samsung</arg>
<doc>Fails if ``container`` does not contain ``item`` one or more times.</doc>
<status status="PASS" starttime="20231220 03:31:34.864" endtime="20231220 03:31:34.864"/>
</kw>
<msg timestamp="20231220 03:31:34.864" level="INFO">${contem_samsung} = True</msg>
<status status="PASS" starttime="20231220 03:31:34.864" endtime="20231220 03:31:34.864"/>
</kw>
<kw name="Run Keyword If" library="BuiltIn">
<arg>not ${contem_samsung}</arg>
<arg>Should Contain</arg>
<arg>${texto_elemento}</arg>
<arg>Galaxy</arg>
<doc>Runs the given keyword with the given arguments, if ``condition`` is true.</doc>
<status status="PASS" starttime="20231220 03:31:34.864" endtime="20231220 03:31:34.864"/>
</kw>
<kw name="Run Keyword If" library="BuiltIn">
<arg>${contem_samsung}</arg>
<arg>Log</arg>
<arg>Encontrou 'Samsung'</arg>
<doc>Runs the given keyword with the given arguments, if ``condition`` is true.</doc>
<kw name="Log" library="BuiltIn">
<arg>Encontrou 'Samsung'</arg>
<doc>Logs the given message with the given level.</doc>
<msg timestamp="20231220 03:31:34.865" level="INFO">Encontrou 'Samsung'</msg>
<status status="PASS" starttime="20231220 03:31:34.865" endtime="20231220 03:31:34.865"/>
</kw>
<status status="PASS" starttime="20231220 03:31:34.865" endtime="20231220 03:31:34.865"/>
</kw>
<kw name="Run Keyword If" library="BuiltIn">
<arg>not ${contem_samsung}</arg>
<arg>Log</arg>
<arg>Não encontrou 'Samsung', mas encontrou 'Galaxy'</arg>
<doc>Runs the given keyword with the given arguments, if ``condition`` is true.</doc>
<status status="PASS" starttime="20231220 03:31:34.865" endtime="20231220 03:31:34.865"/>
</kw>
<status status="PASS" starttime="20231220 03:31:34.857" endtime="20231220 03:31:34.865"/>
</iter>
<iter>
<var name="${elemento}">&lt;selenium.webdriver.remote.webelement.WebElement (session="80466033230773f6ef19ac92cba6e793", element="0DBFE2BB30A77B361AE53CB7D939D251_element_439")&gt;</var>
<kw name="Get Text" library="SeleniumLibrary">
<var>${texto_elemento}</var>
<arg>${elemento}</arg>
<doc>Returns the text value of the element identified by ``locator``.</doc>
<msg timestamp="20231220 03:31:34.871" level="INFO">${texto_elemento} = Smartphone Samsung Galaxy A03 Core 32GB Verde Octa-Core 4G 2GB RAM 6,5” Câm. 8MP + Selfie 5MP</msg>
<status status="PASS" starttime="20231220 03:31:34.865" endtime="20231220 03:31:34.871"/>
</kw>
<kw name="Run Keyword And Return Status" library="BuiltIn">
<var>${contem_samsung}</var>
<arg>Should Contain</arg>
<arg>${texto_elemento}</arg>
<arg>Samsung</arg>
<doc>Runs the given keyword with given arguments and returns the status as a Boolean value.</doc>
<kw name="Should Contain" library="BuiltIn">
<arg>${texto_elemento}</arg>
<arg>Samsung</arg>
<doc>Fails if ``container`` does not contain ``item`` one or more times.</doc>
<status status="PASS" starttime="20231220 03:31:34.872" endtime="20231220 03:31:34.872"/>
</kw>
<msg timestamp="20231220 03:31:34.872" level="INFO">${contem_samsung} = True</msg>
<status status="PASS" starttime="20231220 03:31:34.871" endtime="20231220 03:31:34.872"/>
</kw>
<kw name="Run Keyword If" library="BuiltIn">
<arg>not ${contem_samsung}</arg>
<arg>Should Contain</arg>
<arg>${texto_elemento}</arg>
<arg>Galaxy</arg>
<doc>Runs the given keyword with the given arguments, if ``condition`` is true.</doc>
<status status="PASS" starttime="20231220 03:31:34.872" endtime="20231220 03:31:34.872"/>
</kw>
<kw name="Run Keyword If" library="BuiltIn">
<arg>${contem_samsung}</arg>
<arg>Log</arg>
<arg>Encontrou 'Samsung'</arg>
<doc>Runs the given keyword with the given arguments, if ``condition`` is true.</doc>
<kw name="Log" library="BuiltIn">
<arg>Encontrou 'Samsung'</arg>
<doc>Logs the given message with the given level.</doc>
<msg timestamp="20231220 03:31:34.873" level="INFO">Encontrou 'Samsung'</msg>
<status status="PASS" starttime="20231220 03:31:34.872" endtime="20231220 03:31:34.873"/>
</kw>
<status status="PASS" starttime="20231220 03:31:34.872" endtime="20231220 03:31:34.873"/>
</kw>
<kw name="Run Keyword If" library="BuiltIn">
<arg>not ${contem_samsung}</arg>
<arg>Log</arg>
<arg>Não encontrou 'Samsung', mas encontrou 'Galaxy'</arg>
<doc>Runs the given keyword with the given arguments, if ``condition`` is true.</doc>
<status status="PASS" starttime="20231220 03:31:34.873" endtime="20231220 03:31:34.873"/>
</kw>
<status status="PASS" starttime="20231220 03:31:34.865" endtime="20231220 03:31:34.873"/>
</iter>
<iter>
<var name="${elemento}">&lt;selenium.webdriver.remote.webelement.WebElement (session="80466033230773f6ef19ac92cba6e793", element="0DBFE2BB30A77B361AE53CB7D939D251_element_440")&gt;</var>
<kw name="Get Text" library="SeleniumLibrary">
<var>${texto_elemento}</var>
<arg>${elemento}</arg>
<doc>Returns the text value of the element identified by ``locator``.</doc>
<msg timestamp="20231220 03:31:34.879" level="INFO">${texto_elemento} = Smartphone Samsung Galaxy A14 128GB Verde Lima 5G Octa-Core 4GB RAM 6,6" Câm. Tripla + Selfie 13MP</msg>
<status status="PASS" starttime="20231220 03:31:34.873" endtime="20231220 03:31:34.879"/>
</kw>
<kw name="Run Keyword And Return Status" library="BuiltIn">
<var>${contem_samsung}</var>
<arg>Should Contain</arg>
<arg>${texto_elemento}</arg>
<arg>Samsung</arg>
<doc>Runs the given keyword with given arguments and returns the status as a Boolean value.</doc>
<kw name="Should Contain" library="BuiltIn">
<arg>${texto_elemento}</arg>
<arg>Samsung</arg>
<doc>Fails if ``container`` does not contain ``item`` one or more times.</doc>
<status status="PASS" starttime="20231220 03:31:34.880" endtime="20231220 03:31:34.880"/>
</kw>
<msg timestamp="20231220 03:31:34.880" level="INFO">${contem_samsung} = True</msg>
<status status="PASS" starttime="20231220 03:31:34.879" endtime="20231220 03:31:34.880"/>
</kw>
<kw name="Run Keyword If" library="BuiltIn">
<arg>not ${contem_samsung}</arg>
<arg>Should Contain</arg>
<arg>${texto_elemento}</arg>
<arg>Galaxy</arg>
<doc>Runs the given keyword with the given arguments, if ``condition`` is true.</doc>
<status status="PASS" starttime="20231220 03:31:34.880" endtime="20231220 03:31:34.880"/>
</kw>
<kw name="Run Keyword If" library="BuiltIn">
<arg>${contem_samsung}</arg>
<arg>Log</arg>
<arg>Encontrou 'Samsung'</arg>
<doc>Runs the given keyword with the given arguments, if ``condition`` is true.</doc>
<kw name="Log" library="BuiltIn">
<arg>Encontrou 'Samsung'</arg>
<doc>Logs the given message with the given level.</doc>
<msg timestamp="20231220 03:31:34.880" level="INFO">Encontrou 'Samsung'</msg>
<status status="PASS" starttime="20231220 03:31:34.880" endtime="20231220 03:31:34.881"/>
</kw>
<status status="PASS" starttime="20231220 03:31:34.880" endtime="20231220 03:31:34.881"/>
</kw>
<kw name="Run Keyword If" library="BuiltIn">
<arg>not ${contem_samsung}</arg>
<arg>Log</arg>
<arg>Não encontrou 'Samsung', mas encontrou 'Galaxy'</arg>
<doc>Runs the given keyword with the given arguments, if ``condition`` is true.</doc>
<status status="PASS" starttime="20231220 03:31:34.881" endtime="20231220 03:31:34.881"/>
</kw>
<status status="PASS" starttime="20231220 03:31:34.873" endtime="20231220 03:31:34.881"/>
</iter>
<iter>
<var name="${elemento}">&lt;selenium.webdriver.remote.webelement.WebElement (session="80466033230773f6ef19ac92cba6e793", element="0DBFE2BB30A77B361AE53CB7D939D251_element_441")&gt;</var>
<kw name="Get Text" library="SeleniumLibrary">
<var>${texto_elemento}</var>
<arg>${elemento}</arg>
<doc>Returns the text value of the element identified by ``locator``.</doc>
<msg timestamp="20231220 03:31:34.887" level="INFO">${texto_elemento} = Smartphone Samsung Galaxy A14 128GB Verde Lima 4G Octa-Core 4GB RAM 6,6" Câm. Tripla + Selfie 13MP Dual Chip</msg>
<status status="PASS" starttime="20231220 03:31:34.881" endtime="20231220 03:31:34.887"/>
</kw>
<kw name="Run Keyword And Return Status" library="BuiltIn">
<var>${contem_samsung}</var>
<arg>Should Contain</arg>
<arg>${texto_elemento}</arg>
<arg>Samsung</arg>
<doc>Runs the given keyword with given arguments and returns the status as a Boolean value.</doc>
<kw name="Should Contain" library="BuiltIn">
<arg>${texto_elemento}</arg>
<arg>Samsung</arg>
<doc>Fails if ``container`` does not contain ``item`` one or more times.</doc>
<status status="PASS" starttime="20231220 03:31:34.887" endtime="20231220 03:31:34.888"/>
</kw>
<msg timestamp="20231220 03:31:34.888" level="INFO">${contem_samsung} = True</msg>
<status status="PASS" starttime="20231220 03:31:34.887" endtime="20231220 03:31:34.888"/>
</kw>
<kw name="Run Keyword If" library="BuiltIn">
<arg>not ${contem_samsung}</arg>
<arg>Should Contain</arg>
<arg>${texto_elemento}</arg>
<arg>Galaxy</arg>
<doc>Runs the given keyword with the given arguments, if ``condition`` is true.</doc>
<status status="PASS" starttime="20231220 03:31:34.888" endtime="20231220 03:31:34.888"/>
</kw>
<kw name="Run Keyword If" library="BuiltIn">
<arg>${contem_samsung}</arg>
<arg>Log</arg>
<arg>Encontrou 'Samsung'</arg>
<doc>Runs the given keyword with the given arguments, if ``condition`` is true.</doc>
<kw name="Log" library="BuiltIn">
<arg>Encontrou 'Samsung'</arg>
<doc>Logs the given message with the given level.</doc>
<msg timestamp="20231220 03:31:34.888" level="INFO">Encontrou 'Samsung'</msg>
<status status="PASS" starttime="20231220 03:31:34.888" endtime="20231220 03:31:34.888"/>
</kw>
<status status="PASS" starttime="20231220 03:31:34.888" endtime="20231220 03:31:34.888"/>
</kw>
<kw name="Run Keyword If" library="BuiltIn">
<arg>not ${contem_samsung}</arg>
<arg>Log</arg>
<arg>Não encontrou 'Samsung', mas encontrou 'Galaxy'</arg>
<doc>Runs the given keyword with the given arguments, if ``condition`` is true.</doc>
<status status="PASS" starttime="20231220 03:31:34.888" endtime="20231220 03:31:34.889"/>
</kw>
<status status="PASS" starttime="20231220 03:31:34.881" endtime="20231220 03:31:34.889"/>
</iter>
<iter>
<var name="${elemento}">&lt;selenium.webdriver.remote.webelement.WebElement (session="80466033230773f6ef19ac92cba6e793", element="0DBFE2BB30A77B361AE53CB7D939D251_element_442")&gt;</var>
<kw name="Get Text" library="SeleniumLibrary">
<var>${texto_elemento}</var>
<arg>${elemento}</arg>
<doc>Returns the text value of the element identified by ``locator``.</doc>
<msg timestamp="20231220 03:31:34.895" level="INFO">${texto_elemento} = Smartphone Samsung Galaxy S23 128GB Preto 5G 8GB RAM 6,1” Câm Tripla + Selfie 12MP</msg>
<status status="PASS" starttime="20231220 03:31:34.889" endtime="20231220 03:31:34.895"/>
</kw>
<kw name="Run Keyword And Return Status" library="BuiltIn">
<var>${contem_samsung}</var>
<arg>Should Contain</arg>
<arg>${texto_elemento}</arg>
<arg>Samsung</arg>
<doc>Runs the given keyword with given arguments and returns the status as a Boolean value.</doc>
<kw name="Should Contain" library="BuiltIn">
<arg>${texto_elemento}</arg>
<arg>Samsung</arg>
<doc>Fails if ``container`` does not contain ``item`` one or more times.</doc>
<status status="PASS" starttime="20231220 03:31:34.895" endtime="20231220 03:31:34.895"/>
</kw>
<msg timestamp="20231220 03:31:34.895" level="INFO">${contem_samsung} = True</msg>
<status status="PASS" starttime="20231220 03:31:34.895" endtime="20231220 03:31:34.895"/>
</kw>
<kw name="Run Keyword If" library="BuiltIn">
<arg>not ${contem_samsung}</arg>
<arg>Should Contain</arg>
<arg>${texto_elemento}</arg>
<arg>Galaxy</arg>
<doc>Runs the given keyword with the given arguments, if ``condition`` is true.</doc>
<status status="PASS" starttime="20231220 03:31:34.896" endtime="20231220 03:31:34.896"/>
</kw>
<kw name="Run Keyword If" library="BuiltIn">
<arg>${contem_samsung}</arg>
<arg>Log</arg>
<arg>Encontrou 'Samsung'</arg>
<doc>Runs the given keyword with the given arguments, if ``condition`` is true.</doc>
<kw name="Log" library="BuiltIn">
<arg>Encontrou 'Samsung'</arg>
<doc>Logs the given message with the given level.</doc>
[...]
<status status="PASS" starttime="20231220 03:33:14.207" endtime="20231220 03:33:14.218"/>
</kw>
<kw name="Log" library="BuiltIn">
<arg>URL Atual: ${current_url}</arg>
<doc>Logs the given message with the given level.</doc>
<msg timestamp="20231220 03:33:14.218" level="INFO">URL Atual: https://sacola.magazineluiza.com.br/#/cliente/login</msg>
<status status="PASS" starttime="20231220 03:33:14.218" endtime="20231220 03:33:14.218"/>
</kw>
<kw name="Should Contain" library="BuiltIn">
<arg>${current_url}</arg>
<arg>https://sacola.magazineluiza.com.br/#/cliente/login</arg>
<doc>Fails if ``container`` does not contain ``item`` one or more times.</doc>
<status status="PASS" starttime="20231220 03:33:14.218" endtime="20231220 03:33:14.219"/>
</kw>
<status status="PASS" starttime="20231220 03:33:14.206" endtime="20231220 03:33:14.219"/>
</kw>
<kw name="E devo visualizar uma mensagem informando que o e-mail não foi digitado corretamente" library="resource">
<kw name="Wait Until Page Contains" library="SeleniumLibrary">
<arg>O e-mail não foi digitado corretamente.</arg>
<arg>timeout=10s</arg>
<doc>Waits until ``text`` appears on the current page.</doc>
<status status="PASS" starttime="20231220 03:33:14.219" endtime="20231220 03:33:14.233"/>
</kw>
<kw name="Close Browser" library="SeleniumLibrary">
<doc>Closes the current browser.</doc>
<status status="PASS" starttime="20231220 03:33:14.234" endtime="20231220 03:33:16.538"/>
</kw>
<status status="PASS" starttime="20231220 03:33:14.219" endtime="20231220 03:33:16.538"/>
</kw>
<doc>Este caso de teste verifica o comportamento ao tentar cadastrar um email com um formato incorreto.</doc>
<tag>teste_regressivo</tag>
<status status="PASS" starttime="20231220 03:33:09.558" endtime="20231220 03:33:16.540"/>
</test>
<test id="s1-s2-t4" name="TC04 - Logar com formato de email incorreto" line="32">
<kw name="Dado que estou na página de identificação do site Magazine Luiza" library="resource">
<kw name="Open Browser" library="SeleniumLibrary">
<arg>https://sacola.magazineluiza.com.br/#/cliente/login</arg>
<arg>chrome</arg>
<doc>Opens a new browser instance to the optional ``url``.</doc>
<msg timestamp="20231220 03:33:16.549" level="INFO">Opening browser 'chrome' to base url 'https://sacola.magazineluiza.com.br/#/cliente/login'.</msg>
<status status="PASS" starttime="20231220 03:33:16.548" endtime="20231220 03:33:20.651"/>
</kw>
<kw name="Maximize Browser Window" library="SeleniumLibrary">
<doc>Maximizes current browser window.</doc>
<status status="PASS" starttime="20231220 03:33:20.652" endtime="20231220 03:33:20.762"/>
</kw>
<status status="PASS" starttime="20231220 03:33:16.547" endtime="20231220 03:33:20.763"/>
</kw>
<kw name="Quando informo um email na aba de já sou cliente com um formato incorreto" library="resource">
<kw name="Wait Until Element Is Visible" library="SeleniumLibrary">
<arg>${EMAIL_2_INPUT_SELECTOR}</arg>
<arg>10s</arg>
<doc>Waits until the element ``locator`` is visible.</doc>
<status status="PASS" starttime="20231220 03:33:20.763" endtime="20231220 03:33:20.796"/>
</kw>
<kw name="Input Text" library="SeleniumLibrary">
<arg>${EMAIL_2_INPUT_SELECTOR}</arg>
<arg>${EMAIL_INCORRETO}</arg>
<doc>Types the given ``text`` into the text field identified by ``locator``.</doc>
<msg timestamp="20231220 03:33:20.797" level="INFO">Typing text 'maverim816.com' into text field '//input[@autocomplete="username"]'.</msg>
<status status="PASS" starttime="20231220 03:33:20.797" endtime="20231220 03:33:20.935"/>
</kw>
<kw name="Sleep" library="BuiltIn">
<arg>1s</arg>
<doc>Pauses the test executed for the given time.</doc>
<msg timestamp="20231220 03:33:21.947" level="INFO">Slept 1 second</msg>
<status status="PASS" starttime="20231220 03:33:20.935" endtime="20231220 03:33:21.947"/>
</kw>
<status status="PASS" starttime="20231220 03:33:20.763" endtime="20231220 03:33:21.947"/>
</kw>
<kw name="E senha" library="resource">
<kw name="Wait Until Element Is Visible" library="SeleniumLibrary">
<arg>${SENHA_INPUT_SELECTOR}</arg>
<arg>10s</arg>
<doc>Waits until the element ``locator`` is visible.</doc>
<status status="PASS" starttime="20231220 03:33:21.948" endtime="20231220 03:33:22.159"/>
</kw>
<kw name="Input Text" library="SeleniumLibrary">
<arg>${SENHA_INPUT_SELECTOR}</arg>
<arg>${SENHA_TEXT}</arg>
<doc>Types the given ``text`` into the text field identified by ``locator``.</doc>
<msg timestamp="20231220 03:33:22.161" level="INFO">Typing text '@Matheus58722009' into text field '//input[@name="password"]'.</msg>
<status status="PASS" starttime="20231220 03:33:22.160" endtime="20231220 03:33:22.347"/>
</kw>
<kw name="Sleep" library="BuiltIn">
<arg>1s</arg>
<doc>Pauses the test executed for the given time.</doc>
<msg timestamp="20231220 03:33:23.361" level="INFO">Slept 1 second</msg>
<status status="PASS" starttime="20231220 03:33:22.347" endtime="20231220 03:33:23.361"/>
</kw>
<status status="PASS" starttime="20231220 03:33:21.948" endtime="20231220 03:33:23.361"/>
</kw>
<kw name="Então devo permanecer na mesma página" library="resource">
<kw name="Get Location" library="SeleniumLibrary">
<var>${current_url}</var>
<doc>Returns the current browser window URL.</doc>
<msg timestamp="20231220 03:33:23.368" level="INFO">${current_url} = https://sacola.magazineluiza.com.br/#/cliente/login</msg>
<status status="PASS" starttime="20231220 03:33:23.362" endtime="20231220 03:33:23.368"/>
</kw>
<kw name="Log" library="BuiltIn">
<arg>URL Atual: ${current_url}</arg>
<doc>Logs the given message with the given level.</doc>
<msg timestamp="20231220 03:33:23.368" level="INFO">URL Atual: https://sacola.magazineluiza.com.br/#/cliente/login</msg>
<status status="PASS" starttime="20231220 03:33:23.368" endtime="20231220 03:33:23.369"/>
</kw>
<kw name="Should Contain" library="BuiltIn">
<arg>${current_url}</arg>
<arg>https://sacola.magazineluiza.com.br/#/cliente/login</arg>
<doc>Fails if ``container`` does not contain ``item`` one or more times.</doc>
<status status="PASS" starttime="20231220 03:33:23.369" endtime="20231220 03:33:23.369"/>
</kw>
<status status="PASS" starttime="20231220 03:33:23.362" endtime="20231220 03:33:23.369"/>
</kw>
<kw name="E devo visualizar uma mensagem pedindo para inserir um CPF, CNPJ ou E-mail válido" library="resource">
<kw name="Wait Until Page Contains" library="SeleniumLibrary">
<arg>Insira um CPF, CNPJ ou E-mail válido.</arg>
<arg>timeout=10s</arg>
<doc>Waits until ``text`` appears on the current page.</doc>
<status status="PASS" starttime="20231220 03:33:23.369" endtime="20231220 03:33:23.386"/>
</kw>
<kw name="Close Browser" library="SeleniumLibrary">
<doc>Closes the current browser.</doc>
<status status="PASS" starttime="20231220 03:33:23.386" endtime="20231220 03:33:25.675"/>
</kw>
<status status="PASS" starttime="20231220 03:33:23.369" endtime="20231220 03:33:25.676"/>
</kw>
<doc>Este caso de teste verifica o comportamento ao tentar fazer login com um formato de email incorreto.</doc>
<tag>teste_regressivo</tag>
<status status="PASS" starttime="20231220 03:33:16.544" endtime="20231220 03:33:25.678"/>
</test>
<test id="s1-s2-t5" name="TC05 - Logar com email não cadastrado" line="41">
<kw name="Dado que estou na página de identificação do site Magazine Luiza" library="resource">
<kw name="Open Browser" library="SeleniumLibrary">
<arg>https://sacola.magazineluiza.com.br/#/cliente/login</arg>
<arg>chrome</arg>
<doc>Opens a new browser instance to the optional ``url``.</doc>
<msg timestamp="20231220 03:33:25.683" level="INFO">Opening browser 'chrome' to base url 'https://sacola.magazineluiza.com.br/#/cliente/login'.</msg>
<status status="PASS" starttime="20231220 03:33:25.683" endtime="20231220 03:33:28.632"/>
</kw>
<kw name="Maximize Browser Window" library="SeleniumLibrary">
<doc>Maximizes current browser window.</doc>
<status status="PASS" starttime="20231220 03:33:28.632" endtime="20231220 03:33:28.756"/>
</kw>
<status status="PASS" starttime="20231220 03:33:25.682" endtime="20231220 03:33:28.756"/>
</kw>
<kw name="Quando informo um email não cadastrado na aba de já sou cliente" library="resource">
<kw name="Wait Until Element Is Visible" library="SeleniumLibrary">
<arg>${EMAIL_2_INPUT_SELECTOR}</arg>
<arg>10s</arg>
<doc>Waits until the element ``locator`` is visible.</doc>
<status status="PASS" starttime="20231220 03:33:28.756" endtime="20231220 03:33:28.784"/>
</kw>
<kw name="Input Text" library="SeleniumLibrary">
<arg>${EMAIL_2_INPUT_SELECTOR}</arg>
<arg>${EMAIL_NAO_CADASTRADO}</arg>
<doc>Types the given ``text`` into the text field identified by ``locator``.</doc>
<msg timestamp="20231220 03:33:28.785" level="INFO">Typing text 'maverim816@gearstag.com' into text field '//input[@autocomplete="username"]'.</msg>
<status status="PASS" starttime="20231220 03:33:28.784" endtime="20231220 03:33:28.982"/>
</kw>
<kw name="Sleep" library="BuiltIn">
<arg>1s</arg>
<doc>Pauses the test executed for the given time.</doc>
<msg timestamp="20231220 03:33:29.994" level="INFO">Slept 1 second</msg>
<status status="PASS" starttime="20231220 03:33:28.982" endtime="20231220 03:33:29.994"/>
</kw>
<status status="PASS" starttime="20231220 03:33:28.756" endtime="20231220 03:33:29.994"/>
</kw>
<kw name="E senha" library="resource">
<kw name="Wait Until Element Is Visible" library="SeleniumLibrary">
<arg>${SENHA_INPUT_SELECTOR}</arg>
<arg>10s</arg>
<doc>Waits until the element ``locator`` is visible.</doc>
<status status="PASS" starttime="20231220 03:33:29.994" endtime="20231220 03:33:30.130"/>
</kw>
<kw name="Input Text" library="SeleniumLibrary">
<arg>${SENHA_INPUT_SELECTOR}</arg>
<arg>${SENHA_TEXT}</arg>
<doc>Types the given ``text`` into the text field identified by ``locator``.</doc>
<msg timestamp="20231220 03:33:30.131" level="INFO">Typing text '@Matheus58722009' into text field '//input[@name="password"]'.</msg>
<status status="PASS" starttime="20231220 03:33:30.130" endtime="20231220 03:33:30.283"/>
</kw>
<kw name="Sleep" library="BuiltIn">
<arg>1s</arg>
<doc>Pauses the test executed for the given time.</doc>
<msg timestamp="20231220 03:33:31.287" level="INFO">Slept 1 second</msg>
<status status="PASS" starttime="20231220 03:33:30.283" endtime="20231220 03:33:31.287"/>
</kw>
<status status="PASS" starttime="20231220 03:33:29.994" endtime="20231220 03:33:31.287"/>
</kw>
<kw name="E clico no segundo botão de continuar" library="resource">
<kw name="Click Button" library="SeleniumLibrary">
<arg>${BUTTON_2_SELECTOR}</arg>
<doc>Clicks the button identified by ``locator``.</doc>
<msg timestamp="20231220 03:33:31.287" level="INFO">Clicking button '//button[@id="login-box-form-continue"]'.</msg>
<status status="PASS" starttime="20231220 03:33:31.287" endtime="20231220 03:33:31.431"/>
</kw>
<kw name="Sleep" library="BuiltIn">
<arg>5s</arg>
<doc>Pauses the test executed for the given time.</doc>
<msg timestamp="20231220 03:33:36.441" level="INFO">Slept 5 seconds</msg>
<status status="PASS" starttime="20231220 03:33:31.431" endtime="20231220 03:33:36.441"/>
</kw>
<status status="PASS" starttime="20231220 03:33:31.287" endtime="20231220 03:33:36.441"/>
</kw>
<kw name="Então devo permanecer na mesma página" library="resource">
<kw name="Get Location" library="SeleniumLibrary">
<var>${current_url}</var>
<doc>Returns the current browser window URL.</doc>
<msg timestamp="20231220 03:33:36.446" level="INFO">${current_url} = https://sacola.magazineluiza.com.br/#/cliente/login</msg>
<status status="PASS" starttime="20231220 03:33:36.442" endtime="20231220 03:33:36.447"/>
</kw>
<kw name="Log" library="BuiltIn">
<arg>URL Atual: ${current_url}</arg>
<doc>Logs the given message with the given level.</doc>
<msg timestamp="20231220 03:33:36.447" level="INFO">URL Atual: https://sacola.magazineluiza.com.br/#/cliente/login</msg>
<status status="PASS" starttime="20231220 03:33:36.447" endtime="20231220 03:33:36.447"/>
</kw>
<kw name="Should Contain" library="BuiltIn">
<arg>${current_url}</arg>
<arg>https://sacola.magazineluiza.com.br/#/cliente/login</arg>
<doc>Fails if ``container`` does not contain ``item`` one or more times.</doc>
<status status="PASS" starttime="20231220 03:33:36.447" endtime="20231220 03:33:36.447"/>
</kw>
<status status="PASS" starttime="20231220 03:33:36.441" endtime="20231220 03:33:36.447"/>
</kw>
<kw name="E devo visualizar uma mensagem pedindo para verificar o login e a senha para continuar" library="resource">
<kw name="Wait Until Page Contains" library="SeleniumLibrary">
<arg>Verifique o login e a senha para continuar.</arg>
<arg>timeout=10s</arg>
<doc>Waits until ``text`` appears on the current page.</doc>
<status status="PASS" starttime="20231220 03:33:36.448" endtime="20231220 03:33:36.459"/>
</kw>
<kw name="Close Browser" library="SeleniumLibrary">
<doc>Closes the current browser.</doc>
<status status="PASS" starttime="20231220 03:33:36.459" endtime="20231220 03:33:38.656"/>
</kw>
<status status="PASS" starttime="20231220 03:33:36.447" endtime="20231220 03:33:38.656"/>
</kw>
<doc>Este caso de teste verifica o comportamento ao tentar fazer login com um email não cadastrado.</doc>
<tag>teste_regressivo</tag>
<status status="PASS" starttime="20231220 03:33:25.682" endtime="20231220 03:33:38.657"/>
</test>
<test id="s1-s2-t6" name="TC06 - Logar com email cadastrado" line="51">
<kw name="Dado que estou na página de identificação do site Magazine Luiza" library="resource">
<kw name="Open Browser" library="SeleniumLibrary">
<arg>https://sacola.magazineluiza.com.br/#/cliente/login</arg>
<arg>chrome</arg>
<doc>Opens a new browser instance to the optional ``url``.</doc>
<msg timestamp="20231220 03:33:38.659" level="INFO">Opening browser 'chrome' to base url 'https://sacola.magazineluiza.com.br/#/cliente/login'.</msg>
<status status="PASS" starttime="20231220 03:33:38.659" endtime="20231220 03:33:40.210"/>
</kw>
<kw name="Maximize Browser Window" library="SeleniumLibrary">
<doc>Maximizes current browser window.</doc>
<status status="PASS" starttime="20231220 03:33:40.210" endtime="20231220 03:33:42.339"/>
</kw>
<status status="PASS" starttime="20231220 03:33:38.658" endtime="20231220 03:33:42.339"/>
</kw>
<kw name="Quando informo um email cadastrado na aba de já sou cliente" library="resource">
<kw name="Wait Until Element Is Visible" library="SeleniumLibrary">
<arg>${EMAIL_2_INPUT_SELECTOR}</arg>
<arg>10s</arg>
<doc>Waits until the element ``locator`` is visible.</doc>
<status status="PASS" starttime="20231220 03:33:42.340" endtime="20231220 03:33:42.377"/>
</kw>
<kw name="Input Text" library="SeleniumLibrary">
<arg>${EMAIL_2_INPUT_SELECTOR}</arg>
<arg>${EMAIL_CADASTRADO}</arg>
<doc>Types the given ``text`` into the text field identified by ``locator``.</doc>
<msg timestamp="20231220 03:33:42.378" level="INFO">Typing text 'matheuschicherchio@hotmail.com' into text field '//input[@autocomplete="username"]'.</msg>
<status status="PASS" starttime="20231220 03:33:42.377" endtime="20231220 03:33:42.585"/>
</kw>
<kw name="Sleep" library="BuiltIn">
<arg>1s</arg>
<doc>Pauses the test executed for the given time.</doc>
<msg timestamp="20231220 03:33:43.597" level="INFO">Slept 1 second</msg>
<status status="PASS" starttime="20231220 03:33:42.585" endtime="20231220 03:33:43.597"/>
</kw>
<status status="PASS" starttime="20231220 03:33:42.340" endtime="20231220 03:33:43.597"/>
</kw>
<kw name="E senha" library="resource">
<kw name="Wait Until Element Is Visible" library="SeleniumLibrary">
<arg>${SENHA_INPUT_SELECTOR}</arg>
<arg>10s</arg>
<doc>Waits until the element ``locator`` is visible.</doc>
<status status="PASS" starttime="20231220 03:33:43.598" endtime="20231220 03:33:43.972"/>
</kw>
<kw name="Input Text" library="SeleniumLibrary">
<arg>${SENHA_INPUT_SELECTOR}</arg>
<arg>${SENHA_TEXT}</arg>
<doc>Types the given ``text`` into the text field identified by ``locator``.</doc>
<msg timestamp="20231220 03:33:43.973" level="INFO">Typing text '@Matheus58722009' into text field '//input[@name="password"]'.</msg>
<status status="PASS" starttime="20231220 03:33:43.972" endtime="20231220 03:33:44.198"/>
</kw>
<kw name="Sleep" library="BuiltIn">
<arg>1s</arg>
<doc>Pauses the test executed for the given time.</doc>
<msg timestamp="20231220 03:33:45.210" level="INFO">Slept 1 second</msg>
<status status="PASS" starttime="20231220 03:33:44.198" endtime="20231220 03:33:45.210"/>
</kw>
<status status="PASS" starttime="20231220 03:33:43.597" endtime="20231220 03:33:45.210"/>
</kw>
<kw name="E clico no segundo botão de continuar" library="resource">
<kw name="Click Button" library="SeleniumLibrary">
<arg>${BUTTON_2_SELECTOR}</arg>
<doc>Clicks the button identified by ``locator``.</doc>
<msg timestamp="20231220 03:33:45.211" level="INFO">Clicking button '//button[@id="login-box-form-continue"]'.</msg>
<status status="PASS" starttime="20231220 03:33:45.211" endtime="20231220 03:33:45.342"/>
</kw>
<kw name="Sleep" library="BuiltIn">
<arg>5s</arg>
<doc>Pauses the test executed for the given time.</doc>
<msg timestamp="20231220 03:33:50.348" level="INFO">Slept 5 seconds</msg>
<status status="PASS" starttime="20231220 03:33:45.342" endtime="20231220 03:33:50.348"/>
</kw>
<status status="PASS" starttime="20231220 03:33:45.210" endtime="20231220 03:33:50.348"/>
</kw>
<kw name="Então devo ser redirecionado para a página inicial" library="resource">
<kw name="Get Location" library="SeleniumLibrary">
<var>${current_url}</var>
<doc>Returns the current browser window URL.</doc>
<msg timestamp="20231220 03:33:51.316" level="INFO">${current_url} = https://www.magazineluiza.com.br/</msg>
<status status="PASS" starttime="20231220 03:33:50.349" endtime="20231220 03:33:51.316"/>
</kw>
<kw name="Log" library="BuiltIn">
<arg>URL Atual: ${current_url}</arg>
<doc>Logs the given message with the given level.</doc>
<msg timestamp="20231220 03:33:51.317" level="INFO">URL Atual: https://www.magazineluiza.com.br/</msg>
<status status="PASS" starttime="20231220 03:33:51.317" endtime="20231220 03:33:51.317"/>
</kw>
<kw name="Should Contain" library="BuiltIn">
<arg>${current_url}</arg>
<arg>https://www.magazineluiza.com.br</arg>
<doc>Fails if ``container`` does not contain ``item`` one or more times.</doc>
<status status="PASS" starttime="20231220 03:33:51.317" endtime="20231220 03:33:51.317"/>
</kw>
<status status="PASS" starttime="20231220 03:33:50.348" endtime="20231220 03:33:51.317"/>
</kw>
<kw name="E devo estar logado como cliente" library="resource">
<kw name="Element Should Be Visible" library="SeleniumLibrary">
<arg>${BUTTON_USER}</arg>
<doc>Verifies that the element identified by ``locator`` is visible.</doc>
<msg timestamp="20231220 03:33:51.348" level="INFO">Element '//button[@data-testid="dropdown-title"]' is displayed.</msg>
<status status="PASS" starttime="20231220 03:33:51.318" endtime="20231220 03:33:51.348"/>
</kw>
<kw name="Close Browser" library="SeleniumLibrary">
<doc>Closes the current browser.</doc>
<status status="PASS" starttime="20231220 03:33:51.349" endtime="20231220 03:33:53.551"/>
</kw>
<status status="PASS" starttime="20231220 03:33:51.318" endtime="20231220 03:33:53.551"/>
</kw>
<doc>Este caso de teste verifica o comportamento ao tentar fazer login com um email cadastrado.</doc>
<tag>teste_regressivo</tag>
<status status="PASS" starttime="20231220 03:33:38.658" endtime="20231220 03:33:53.551"/>
</test>
<status status="PASS" starttime="20231220 03:32:12.979" endtime="20231220 03:33:53.552"/>
</suite>
<status status="PASS" starttime="20231220 03:31:17.517" endtime="20231220 03:33:53.554"/>
</suite>
<statistics>
<total>
<stat pass="9" fail="0" skip="0">All Tests</stat>
</total>
<tag>
<stat pass="6" fail="0" skip="0">teste_regressivo</stat>
</tag>
<suite>
<stat pass="9" fail="0" skip="0" id="s1" name="Tests">Tests</stat>
<stat pass="3" fail="0" skip="0" id="s1-s1" name="Buscas">Tests.Buscas</stat>
<stat pass="6" fail="0" skip="0" id="s1-s2" name="Identifica">Tests.Identifica</stat>
</suite>
</statistics>
<errors>
</errors>
</robot>
